INFO  [2016-07-05 04:05:06][sys]: finish configuring logging system.
INFO  [2016-07-05 04:05:06][sys]: application starting...
DEBUG [2016-07-05 04:05:07][business][FUNCTION][FILE:0]: constructure WebView...
INFO  [2016-07-05 04:05:09][business]: loading welcome page...
INFO  [2016-07-05 04:05:10][ui]: load finished: 1
INFO  [2016-07-05 04:05:10][ui]: account state:OFFLINE
INFO  [2016-07-05 04:05:31][ui]: clicked login button.
INFO  [2016-07-05 04:05:31][business]: prepare to login...
INFO  [2016-07-05 04:05:32][business]: loading login page...
INFO  [2016-07-05 04:05:34][ui]: load finished: 1
INFO  [2016-07-05 04:05:34][ui]: account state:PREPARELOGIN
INFO  [2016-07-05 04:05:34][business]: filling login form...
INFO  [2016-07-05 04:05:34][business]: submit login form...
INFO  [2016-07-05 04:05:34][ui]: load finished: 1
INFO  [2016-07-05 04:05:34][ui]: account state:LOGIN
INFO  [2016-07-05 04:05:34][business]: finished login.
INFO  [2016-07-05 04:05:35][ui]: load finished: 0
INFO  [2016-07-05 04:06:19][ui]: load finished: 1
INFO  [2016-07-05 04:06:19][ui]: account state:ONLINE
INFO  [2016-07-05 04:07:17][ui]: clicked logout button.
INFO  [2016-07-05 04:07:17][business]: prepare to logout...
INFO  [2016-07-05 04:07:17][business]: loading welcome page...
INFO  [2016-07-05 04:07:17][ui]: load finished: 1
INFO  [2016-07-05 04:07:17][ui]: account state:PREPARELOGOUT
INFO  [2016-07-05 04:07:55][ui]: clicked login button.
WARN  [2016-07-05 04:07:55][business][FUNCTION][FILE:0]: login failed,account state is not OFFLINE.
WARN  [2016-07-05 04:07:55][ui][FUNCTION][FILE:0]: login failed.
DEBUG [2016-07-05 04:08:23][business][FUNCTION][FILE:0]: destructure WebView...
2016-07-05 16:46:48,335 INFO  [sys] finish configuring logging system.
2016-07-05 16:46:48,407 INFO  [sys] application starting...
2016-07-05 16:46:49,409 DEBUG [webview] [xixi@LAISHAOFA] [FUNCTION] [FILE:0] constructure WebView...
2016-07-05 16:46:52,220 INFO  [webview] loading welcome page...
2016-07-05 16:46:52,818 INFO  [ui] load finished: 1
2016-07-05 16:46:52,818 INFO  [ui] account state:OFFLINE
2016-07-05 16:47:07,663 INFO  [ui] clicked login button.
2016-07-05 16:47:07,663 INFO  [account] prepare to login...
2016-07-05 16:47:08,989 INFO  [webview] loading login page...
2016-07-05 16:47:11,387 INFO  [ui] load finished: 1
2016-07-05 16:47:11,387 INFO  [ui] account state:PREPARELOGIN
2016-07-05 16:47:11,387 INFO  [account] filling login form...
2016-07-05 16:47:11,505 INFO  [account] submit login form...
2016-07-05 16:47:11,541 INFO  [ui] load finished: 1
2016-07-05 16:47:11,541 INFO  [ui] account state:LOGIN
2016-07-05 16:47:11,541 INFO  [account] finished login.
2016-07-05 16:47:12,108 INFO  [ui] load finished: 1
2016-07-05 16:47:12,108 INFO  [ui] account state:ONLINE
2016-07-05 16:47:58,741 INFO  [ui] load finished: 1
2016-07-05 16:47:58,741 INFO  [ui] account state:ONLINE
2016-07-05 16:57:14,351 INFO  [ui] clicked logout button.
2016-07-05 16:57:14,351 INFO  [account] prepare to logout...
2016-07-05 16:57:14,356 INFO  [webview] loading welcome page...
2016-07-05 16:57:14,358 INFO  [ui] load finished: 1
2016-07-05 16:57:14,358 INFO  [ui] account state:PREPARELOGOUT
2016-07-05 16:57:18,776 INFO  [ui] clicked login button.
2016-07-05 16:57:18,776 WARN  [account] login failed,account state is not OFFLINE.
2016-07-05 16:57:18,776 WARN  [ui] login failed.
2016-07-05 16:57:20,824 INFO  [ui] clicked login button.
2016-07-05 16:57:20,824 WARN  [account] login failed,account state is not OFFLINE.
2016-07-05 16:57:20,824 WARN  [ui] login failed.
2016-07-05 16:57:22,695 INFO  [ui] clicked login button.
2016-07-05 16:57:22,696 WARN  [account] login failed,account state is not OFFLINE.
2016-07-05 16:57:22,696 WARN  [ui] login failed.
2016-07-05 16:57:25,871 INFO  [ui] clicked login button.
2016-07-05 16:57:25,871 WARN  [account] login failed,account state is not OFFLINE.
2016-07-05 16:57:25,871 WARN  [ui] login failed.
2016-07-05 16:57:27,610 DEBUG [webview] [xixi@LAISHAOFA] [FUNCTION] [FILE:0] destructure WebView...
INFO  [2016-07-05 05:16:35][sys]: finish configuring logging system.
INFO  [2016-07-05 05:16:35][sys]: application starting...
DEBUG [2016-07-05 05:16:36][webview][FUNCTION][FILE:0]: constructure WebView...
INFO  [2016-07-05 05:16:37][webview]: loading welcome page...
INFO  [2016-07-05 05:16:37][ui]: load finished: 1
INFO  [2016-07-05 05:16:37][ui]: account state:OFFLINE
INFO  [2016-07-05 05:16:42][ui]: clicked login button.
INFO  [2016-07-05 05:16:42][account]: prepare to login...
INFO  [2016-07-05 05:16:44][webview]: loading login page...
INFO  [2016-07-05 05:16:45][ui]: load finished: 1
INFO  [2016-07-05 05:16:45][ui]: account state:PREPARELOGIN
INFO  [2016-07-05 05:16:45][account]: filling login form...
INFO  [2016-07-05 05:16:45][account]: submit login form...
INFO  [2016-07-05 05:16:54][ui]: load finished: 1
INFO  [2016-07-05 05:16:54][ui]: account state:LOGIN
INFO  [2016-07-05 05:16:54][account]: finished login.
INFO  [2016-07-05 05:17:14][ui]: clicked logout button.
INFO  [2016-07-05 05:17:14][account]: prepare to logout...
INFO  [2016-07-05 05:17:14][ui]: load finished: 0
INFO  [2016-07-05 05:17:14][webview]: loading welcome page...
INFO  [2016-07-05 05:17:14][ui]: load finished: 1
INFO  [2016-07-05 05:17:14][ui]: account state:PREPARELOGOUT
INFO  [2016-07-05 05:17:17][ui]: clicked login button.
WARN  [2016-07-05 05:17:17][account][FUNCTION][FILE:0]: login failed,account state is not OFFLINE.
WARN  [2016-07-05 05:17:17][ui][FUNCTION][FILE:0]: login failed.
DEBUG [2016-07-05 05:17:19][webview][FUNCTION][FILE:0]: destructure WebView...
INFO  [2016-07-05 05:19:24][sys]: finish configuring logging system.
INFO  [2016-07-05 05:19:24][sys]: application starting...
DEBUG [2016-07-05 05:19:24][webview][FUNCTION][FILE:0]: constructure WebView...
INFO  [2016-07-05 05:19:24][webview]: loading welcome page...
INFO  [2016-07-05 05:19:24][ui]: load finished: 1
INFO  [2016-07-05 05:19:24][ui]: account state:OFFLINE
INFO  [2016-07-05 05:19:30][ui]: clicked login button.
INFO  [2016-07-05 05:19:30][account]: prepare to login...
INFO  [2016-07-05 05:19:31][webview]: loading login page...
INFO  [2016-07-05 05:19:32][ui]: load finished: 1
INFO  [2016-07-05 05:19:32][ui]: account state:PREPARELOGIN
INFO  [2016-07-05 05:19:32][account]: filling login form...
INFO  [2016-07-05 05:19:32][account]: submit login form...
INFO  [2016-07-05 05:19:32][ui]: load finished: 1
INFO  [2016-07-05 05:19:32][ui]: account state:LOGIN
INFO  [2016-07-05 05:19:32][account]: finished login.
INFO  [2016-07-05 05:19:32][ui]: load finished: 1
INFO  [2016-07-05 05:19:32][ui]: account state:ONLINE
INFO  [2016-07-05 05:19:51][ui]: clicked logout button.
INFO  [2016-07-05 05:19:51][account]: prepare to logout...
INFO  [2016-07-05 05:19:51][ui]: load finished: 0
INFO  [2016-07-05 05:19:51][webview]: loading welcome page...
INFO  [2016-07-05 05:19:51][ui]: load finished: 1
INFO  [2016-07-05 05:19:51][ui]: account state:PREPARELOGOUT
DEBUG [2016-07-05 05:20:00][webview][FUNCTION][FILE:0]: destructure WebView...
INFO  [2016-07-05 05:24:35][sys]: finish configuring logging system.
INFO  [2016-07-05 05:24:35][sys]: application starting...
DEBUG [2016-07-05 05:24:35][webview][FUNCTION][FILE:0]: constructure WebView...
INFO  [2016-07-05 05:24:35][webview]: loading welcome page...
INFO  [2016-07-05 05:24:35][ui]: load finished: 1
INFO  [2016-07-05 05:24:35][ui]: account state:OFFLINE
INFO  [2016-07-05 05:26:12][ui]: clicked login button.
INFO  [2016-07-05 05:26:12][account]: prepare to login...
INFO  [2016-07-05 05:26:13][webview]: loading login page...
INFO  [2016-07-05 05:26:14][ui]: load finished: 1
INFO  [2016-07-05 05:26:14][ui]: account state:PREPARELOGIN
INFO  [2016-07-05 05:26:14][account]: filling login form...
INFO  [2016-07-05 05:26:14][account]: submit login form...
INFO  [2016-07-05 05:26:31][ui]: clicked logout button.
WARN  [2016-07-05 05:26:31][account][FUNCTION][FILE:0]: logout failed,account state is not ONLINE
WARN  [2016-07-05 05:26:31][ui][FUNCTION][FILE:0]: logout failed.
INFO  [2016-07-05 05:26:52][ui]: load finished: 0
INFO  [2016-07-05 05:26:55][ui]: clicked logout button.
WARN  [2016-07-05 05:26:55][account][FUNCTION][FILE:0]: logout failed,account state is not ONLINE
WARN  [2016-07-05 05:26:55][ui][FUNCTION][FILE:0]: logout failed.
INFO  [2016-07-05 05:27:01][ui]: load finished: 1
INFO  [2016-07-05 05:27:01][ui]: account state:LOGIN
INFO  [2016-07-05 05:27:01][account]: finished login.
INFO  [2016-07-05 05:27:01][ui]: load finished: 1
INFO  [2016-07-05 05:27:01][ui]: account state:ONLINE
INFO  [2016-07-05 05:27:02][ui]: load finished: 1
INFO  [2016-07-05 05:27:02][ui]: account state:ONLINE
INFO  [2016-07-05 05:27:02][ui]: load finished: 1
INFO  [2016-07-05 05:27:02][ui]: account state:ONLINE
INFO  [2016-07-05 05:27:07][ui]: clicked logout button.
INFO  [2016-07-05 05:27:07][account]: prepare to logout...
INFO  [2016-07-05 05:27:07][webview]: loading welcome page...
INFO  [2016-07-05 05:27:07][ui]: load finished: 1
INFO  [2016-07-05 05:27:07][ui]: account state:PREPARELOGOUT
DEBUG [2016-07-05 05:39:54][webview][FUNCTION][FILE:0]: destructure WebView...
INFO  [2016-07-05 07:56:26][sys]: finish configuring logging system.
INFO  [2016-07-05 07:56:26][sys]: application starting...
DEBUG [2016-07-05 07:56:27][webview][FUNCTION][FILE:0]: constructure WebView...
INFO  [2016-07-05 07:56:27][webview]: loading welcome page...
INFO  [2016-07-05 07:56:27][ui]: load finished: 1
INFO  [2016-07-05 07:56:27][ui]: account state:OFFLINE
INFO  [2016-07-05 07:56:30][ui]: clicked login button.
INFO  [2016-07-05 07:56:30][account]: prepare to login...
INFO  [2016-07-05 07:56:31][webview]: loading login page...
INFO  [2016-07-05 07:56:57][ui]: load finished: 1
INFO  [2016-07-05 07:56:57][ui]: account state:PREPARELOGIN
INFO  [2016-07-05 07:56:57][account]: filling login form...
INFO  [2016-07-05 07:56:57][account]: submit login form...
INFO  [2016-07-05 07:57:40][ui]: load finished: 0
INFO  [2016-07-05 07:58:27][ui]: load finished: 0
INFO  [2016-07-05 07:58:34][ui]: clicked logout button.
WARN  [2016-07-05 07:58:34][account][FUNCTION][FILE:0]: logout failed,account state is not ONLINE
WARN  [2016-07-05 07:58:34][ui][FUNCTION][FILE:0]: logout failed.
INFO  [2016-07-05 07:59:20][ui]: load finished: 1
INFO  [2016-07-05 07:59:20][ui]: account state:LOGIN
INFO  [2016-07-05 07:59:20][account]: finished login.
INFO  [2016-07-05 07:59:50][ui]: clicked logout button.
INFO  [2016-07-05 07:59:50][account]: prepare to logout...
INFO  [2016-07-05 08:00:08][ui]: clicked login button.
WARN  [2016-07-05 08:00:08][account][FUNCTION][FILE:0]: login failed,account state is not OFFLINE.
WARN  [2016-07-05 08:00:08][ui][FUNCTION][FILE:0]: login failed.
INFO  [2016-07-05 08:01:36][ui]: load finished: 1
INFO  [2016-07-05 08:01:36][ui]: account state:PREPARELOGOUT
INFO  [2016-07-05 08:01:36][account]: 
DEBUG [2016-07-05 08:01:37][webview][FUNCTION][FILE:0]: destructure WebView...
INFO  [2016-07-05 08:01:47][sys]: finish configuring logging system.
INFO  [2016-07-05 08:01:47][sys]: application starting...
DEBUG [2016-07-05 08:01:47][webview][FUNCTION][FILE:0]: constructure WebView...
INFO  [2016-07-05 08:01:47][webview]: loading welcome page...
INFO  [2016-07-05 08:01:47][ui]: load finished: 1
INFO  [2016-07-05 08:01:47][ui]: account state:OFFLINE
INFO  [2016-07-05 08:01:50][ui]: clicked login button.
INFO  [2016-07-05 08:01:50][account]: prepare to login...
INFO  [2016-07-05 08:01:51][webview]: loading login page...
INFO  [2016-07-05 08:01:52][ui]: load finished: 1
INFO  [2016-07-05 08:01:52][ui]: account state:PREPARELOGIN
INFO  [2016-07-05 08:01:52][account]: filling login form...
INFO  [2016-07-05 08:01:52][account]: submit login form...
INFO  [2016-07-05 08:01:52][ui]: load finished: 1
INFO  [2016-07-05 08:01:52][ui]: account state:LOGIN
INFO  [2016-07-05 08:01:52][account]: finished login.
INFO  [2016-07-05 08:01:53][ui]: load finished: 1
INFO  [2016-07-05 08:01:53][ui]: account state:ONLINE
INFO  [2016-07-05 08:02:37][ui]: load finished: 1
INFO  [2016-07-05 08:02:37][ui]: account state:ONLINE
INFO  [2016-07-05 08:02:42][ui]: clicked logout button.
INFO  [2016-07-05 08:02:42][account]: prepare to logout...
INFO  [2016-07-05 08:02:42][account]: 
INFO  [2016-07-05 08:02:47][ui]: load finished: 1
INFO  [2016-07-05 08:02:47][ui]: account state:PREPARELOGOUT
INFO  [2016-07-05 08:03:04][ui]: clicked login button.
WARN  [2016-07-05 08:03:04][account][FUNCTION][FILE:0]: login failed,account state is not OFFLINE.
WARN  [2016-07-05 08:03:04][ui][FUNCTION][FILE:0]: login failed.
DEBUG [2016-07-05 08:03:06][webview][FUNCTION][FILE:0]: destructure WebView...
INFO  [2016-07-05 08:04:32][sys]: finish configuring logging system.
INFO  [2016-07-05 08:04:32][sys]: application starting...
DEBUG [2016-07-05 08:04:33][webview][FUNCTION][FILE:0]: constructure WebView...
INFO  [2016-07-05 08:04:33][webview]: loading welcome page...
INFO  [2016-07-05 08:04:33][ui]: load finished: 1
INFO  [2016-07-05 08:04:33][ui]: account state:OFFLINE
INFO  [2016-07-05 08:05:59][ui]: clicked login button.
INFO  [2016-07-05 08:05:59][account]: prepare to login...
INFO  [2016-07-05 08:06:00][webview]: loading login page...
INFO  [2016-07-05 08:06:02][ui]: load finished: 1
INFO  [2016-07-05 08:06:02][ui]: account state:PREPARELOGIN
INFO  [2016-07-05 08:06:02][account]: filling login form...
INFO  [2016-07-05 08:06:02][account]: submit login form...
INFO  [2016-07-05 08:06:46][ui]: load finished: 1
INFO  [2016-07-05 08:06:46][ui]: account state:LOGIN
INFO  [2016-07-05 08:06:46][account]: finished login.
INFO  [2016-07-05 08:06:50][ui]: clicked logout button.
INFO  [2016-07-05 08:06:50][account]: prepare to logout...
INFO  [2016-07-05 08:06:50][account]: 
DEBUG [2016-07-05 08:06:58][webview][FUNCTION][FILE:0]: destructure WebView...
INFO  [2016-07-05 08:07:52][sys]: finish configuring logging system.
INFO  [2016-07-05 08:07:52][sys]: application starting...
DEBUG [2016-07-05 08:07:52][webview][FUNCTION][FILE:0]: constructure WebView...
INFO  [2016-07-05 08:07:52][webview]: loading welcome page...
INFO  [2016-07-05 08:07:53][ui]: load finished: 1
INFO  [2016-07-05 08:07:53][ui]: account state:OFFLINE
INFO  [2016-07-05 08:07:54][ui]: clicked login button.
INFO  [2016-07-05 08:07:54][account]: prepare to login...
INFO  [2016-07-05 08:07:56][webview]: loading login page...
INFO  [2016-07-05 08:08:03][ui]: load finished: 1
INFO  [2016-07-05 08:08:03][ui]: account state:PREPARELOGIN
INFO  [2016-07-05 08:08:03][account]: filling login form...
INFO  [2016-07-05 08:08:03][account]: submit login form...
INFO  [2016-07-05 08:08:47][ui]: load finished: 1
INFO  [2016-07-05 08:08:47][ui]: account state:LOGIN
INFO  [2016-07-05 08:08:47][account]: finished login.
INFO  [2016-07-05 08:08:52][ui]: load finished: 1
INFO  [2016-07-05 08:08:52][ui]: account state:ONLINE
INFO  [2016-07-05 08:08:59][ui]: clicked logout button.
INFO  [2016-07-05 08:08:59][account]: prepare to logout...
INFO  [2016-07-05 08:08:59][account]: 
INFO  [2016-07-05 08:09:23][ui]: load finished: 1
INFO  [2016-07-05 08:09:23][ui]: account state:PREPARELOGOUT
INFO  [2016-07-05 08:09:37][ui]: load finished: 1
INFO  [2016-07-05 08:09:37][ui]: account state:LOGOUT
INFO  [2016-07-05 08:09:37][account]: finished logout.
DEBUG [2016-07-05 08:09:57][webview][FUNCTION][FILE:0]: destructure WebView...
INFO  [2016-07-05 08:11:06][sys]: finish configuring logging system.
INFO  [2016-07-05 08:11:06][sys]: application starting...
DEBUG [2016-07-05 08:11:06][webview][FUNCTION][FILE:0]: constructure WebView...
INFO  [2016-07-05 08:11:06][webview]: loading welcome page...
INFO  [2016-07-05 08:11:06][ui]: load finished: 1
INFO  [2016-07-05 08:11:06][ui]: account state:OFFLINE
INFO  [2016-07-05 08:12:10][ui]: clicked login button.
INFO  [2016-07-05 08:12:10][account]: prepare to login...
INFO  [2016-07-05 08:12:11][webview]: loading login page...
INFO  [2016-07-05 08:12:12][ui]: load finished: 1
INFO  [2016-07-05 08:12:12][ui]: account state:PREPARELOGIN
INFO  [2016-07-05 08:12:12][account]: filling login form...
INFO  [2016-07-05 08:12:12][account]: submit login form...
INFO  [2016-07-05 08:12:12][ui]: load finished: 1
INFO  [2016-07-05 08:12:12][ui]: account state:LOGIN
INFO  [2016-07-05 08:12:12][account]: finished login.
INFO  [2016-07-05 08:12:12][ui]: load finished: 0
INFO  [2016-07-05 08:12:56][ui]: load finished: 1
INFO  [2016-07-05 08:12:56][ui]: account state:ONLINE
INFO  [2016-07-05 08:13:02][ui]: clicked logout button.
INFO  [2016-07-05 08:13:02][account]: prepare to logout...
INFO  [2016-07-05 08:13:03][account]: 
DEBUG [2016-07-05 08:14:05][webview][FUNCTION][FILE:0]: destructure WebView...
INFO  [2016-07-05 08:39:05][sys]: finish configuring logging system.
INFO  [2016-07-05 08:39:05][sys]: application starting...
DEBUG [2016-07-05 08:39:05][webview][FUNCTION][FILE:0]: constructure WebView...
INFO  [2016-07-05 08:39:05][webview]: loading welcome page...
INFO  [2016-07-05 08:39:05][ui]: load finished: 1
INFO  [2016-07-05 08:39:05][ui]: account state:OFFLINE
INFO  [2016-07-05 08:39:07][ui]: clicked login button.
INFO  [2016-07-05 08:39:07][account]: prepare to login...
INFO  [2016-07-05 08:39:08][webview]: loading login page...
INFO  [2016-07-05 08:39:12][ui]: load finished: 1
INFO  [2016-07-05 08:39:12][ui]: account state:PREPARELOGIN
INFO  [2016-07-05 08:39:12][account]: filling login form...
INFO  [2016-07-05 08:39:12][account]: submit login form...
INFO  [2016-07-05 08:39:57][ui]: load finished: 1
INFO  [2016-07-05 08:39:57][ui]: account state:LOGIN
INFO  [2016-07-05 08:39:57][account]: finished login.
INFO  [2016-07-05 08:41:32][ui]: clicked logout button.
INFO  [2016-07-05 08:41:32][account]: prepare to logout...
INFO  [2016-07-05 08:41:32][account]: 
DEBUG [2016-07-05 08:41:35][webview][FUNCTION][FILE:0]: destructure WebView...
INFO  [2016-07-05 09:06:09][sys]: finish configuring logging system.
INFO  [2016-07-05 09:06:09][sys]: application starting...
DEBUG [2016-07-05 09:06:09][webview][FUNCTION][FILE:0]: constructure WebView...
INFO  [2016-07-05 09:06:09][webview]: loading welcome page...
INFO  [2016-07-05 09:06:09][ui]: load finished: 1
INFO  [2016-07-05 09:06:09][ui]: account state:OFFLINE
DEBUG [2016-07-05 09:07:10][webview][FUNCTION][FILE:0]: destructure WebView...
INFO  [2016-07-05 09:07:33][sys]: finish configuring logging system.
INFO  [2016-07-05 09:07:33][sys]: application starting...
DEBUG [2016-07-05 09:07:33][webview][FUNCTION][FILE:0]: constructure WebView...
INFO  [2016-07-05 09:07:33][webview]: loading welcome page...
INFO  [2016-07-05 09:07:33][ui]: load finished: 1
INFO  [2016-07-05 09:07:33][ui]: account state:OFFLINE
DEBUG [2016-07-05 09:07:44][webview][FUNCTION][FILE:0]: destructure WebView...
INFO  [2016-07-05 09:07:54][sys]: finish configuring logging system.
INFO  [2016-07-05 09:07:54][sys]: application starting...
DEBUG [2016-07-05 09:07:54][webview][FUNCTION][FILE:0]: constructure WebView...
INFO  [2016-07-05 09:07:54][webview]: loading welcome page...
INFO  [2016-07-05 09:07:55][ui]: load finished: 1
INFO  [2016-07-05 09:07:55][ui]: account state:OFFLINE
DEBUG [2016-07-05 09:08:15][webview][FUNCTION][FILE:0]: destructure WebView...
INFO  [2016-07-05 09:10:24][sys]: finish configuring logging system.
INFO  [2016-07-05 09:10:24][sys]: application starting...
DEBUG [2016-07-05 09:10:24][webview][FUNCTION][FILE:0]: constructure WebView...
INFO  [2016-07-05 09:10:24][webview]: loading welcome page...
INFO  [2016-07-05 09:10:24][ui]: load finished: 1
INFO  [2016-07-05 09:10:24][ui]: account state:OFFLINE
DEBUG [2016-07-05 09:10:51][webview][FUNCTION][FILE:0]: destructure WebView...
INFO  [2016-07-05 09:27:30][sys]: finish configuring logging system.
INFO  [2016-07-05 09:27:30][sys]: application starting...
DEBUG [2016-07-05 09:27:30][webview][FUNCTION][FILE:0]: constructure WebView...
INFO  [2016-07-05 09:27:30][webview]: loading welcome page...
INFO  [2016-07-05 09:27:30][ui]: load finished: 1
INFO  [2016-07-05 09:27:30][ui]: account state:OFFLINE
INFO  [2016-07-05 09:27:33][ui]: clicked login button.
INFO  [2016-07-05 09:27:33][account]: prepare to login...
INFO  [2016-07-05 09:27:35][webview]: loading login page...
INFO  [2016-07-05 09:27:37][ui]: load finished: 1
INFO  [2016-07-05 09:27:37][ui]: account state:PREPARELOGIN
INFO  [2016-07-05 09:27:37][account]: filling login form...
INFO  [2016-07-05 09:27:40][account]: submit login form...
INFO  [2016-07-05 09:27:40][ui]: load finished: 1
INFO  [2016-07-05 09:27:40][ui]: account state:LOGIN
INFO  [2016-07-05 09:27:40][account]: finished login.
INFO  [2016-07-05 09:27:41][ui]: load finished: 0
INFO  [2016-07-05 09:27:56][ui]: clicked logout button.
INFO  [2016-07-05 09:27:56][account]: prepare to logout...
INFO  [2016-07-05 09:27:56][account]: 
DEBUG [2016-07-05 09:27:57][webview][FUNCTION][FILE:0]: destructure WebView...
INFO  [2016-07-05 09:28:21][sys]: finish configuring logging system.
INFO  [2016-07-05 09:28:21][sys]: application starting...
DEBUG [2016-07-05 09:28:21][webview][FUNCTION][FILE:0]: constructure WebView...
INFO  [2016-07-05 09:28:21][webview]: loading welcome page...
INFO  [2016-07-05 09:28:21][ui]: load finished: 1
INFO  [2016-07-05 09:28:21][ui]: account state:OFFLINE
INFO  [2016-07-05 09:28:27][ui]: clicked login button.
INFO  [2016-07-05 09:28:27][account]: prepare to login...
INFO  [2016-07-05 09:28:28][webview]: loading login page...
INFO  [2016-07-05 09:28:43][ui]: load finished: 1
INFO  [2016-07-05 09:28:43][ui]: account state:PREPARELOGIN
INFO  [2016-07-05 09:28:43][account]: filling login form...
INFO  [2016-07-05 09:28:44][account]: submit login form...
INFO  [2016-07-05 09:29:30][ui]: load finished: 1
INFO  [2016-07-05 09:29:30][ui]: account state:LOGIN
INFO  [2016-07-05 09:29:30][account]: finished login.
DEBUG [2016-07-05 09:29:46][webview][FUNCTION][FILE:0]: destructure WebView...
INFO  [2016-07-05 09:34:59][sys]: finish configuring logging system.
INFO  [2016-07-05 09:34:59][sys]: application starting...
DEBUG [2016-07-05 09:34:59][webview][FUNCTION][FILE:0]: constructure WebView...
INFO  [2016-07-05 09:34:59][webview]: loading welcome page...
INFO  [2016-07-05 09:34:59][ui]: load finished: 1
INFO  [2016-07-05 09:34:59][ui]: account state:OFFLINE
INFO  [2016-07-05 09:35:01][ui]: clicked login button.
INFO  [2016-07-05 09:35:01][account]: prepare to login...
INFO  [2016-07-05 09:35:02][webview]: loading login page...
INFO  [2016-07-05 09:35:32][ui]: load finished: 1
INFO  [2016-07-05 09:35:32][ui]: account state:PREPARELOGIN
INFO  [2016-07-05 09:35:32][account]: filling login form...
INFO  [2016-07-05 09:35:34][account]: submit login form...
DEBUG [2016-07-05 09:35:45][webview][FUNCTION][FILE:0]: destructure WebView...
INFO  [2016-07-05 09:36:18][sys]: finish configuring logging system.
INFO  [2016-07-05 09:36:18][sys]: application starting...
DEBUG [2016-07-05 09:36:18][webview][FUNCTION][FILE:0]: constructure WebView...
INFO  [2016-07-05 09:36:18][webview]: loading welcome page...
INFO  [2016-07-05 09:36:18][ui]: load finished: 1
INFO  [2016-07-05 09:36:18][ui]: account state:OFFLINE
INFO  [2016-07-05 09:36:22][ui]: clicked login button.
INFO  [2016-07-05 09:36:22][account]: prepare to login...
INFO  [2016-07-05 09:36:23][webview]: loading login page...
INFO  [2016-07-05 09:36:24][ui]: load finished: 1
INFO  [2016-07-05 09:36:24][ui]: account state:PREPARELOGIN
INFO  [2016-07-05 09:36:24][account]: filling login form...
INFO  [2016-07-05 09:36:25][account]: submit login form...
INFO  [2016-07-05 09:36:25][ui]: load finished: 1
INFO  [2016-07-05 09:36:25][ui]: account state:LOGIN
INFO  [2016-07-05 09:36:25][account]: finished login.
INFO  [2016-07-05 09:36:34][ui]: load finished: 0
INFO  [2016-07-05 09:36:34][ui]: load finished: 1
INFO  [2016-07-05 09:36:34][ui]: account state:ONLINE
INFO  [2016-07-05 09:36:36][ui]: clicked logout button.
INFO  [2016-07-05 09:36:36][account]: prepare to logout...
INFO  [2016-07-05 09:36:36][account]: 
INFO  [2016-07-05 09:36:37][ui]: clicked login button.
WARN  [2016-07-05 09:36:37][account][FUNCTION][FILE:0]: login failed,account state is not OFFLINE.
WARN  [2016-07-05 09:36:37][ui][FUNCTION][FILE:0]: login failed.
INFO  [2016-07-05 09:36:39][ui]: clicked login button.
WARN  [2016-07-05 09:36:39][account][FUNCTION][FILE:0]: login failed,account state is not OFFLINE.
WARN  [2016-07-05 09:36:39][ui][FUNCTION][FILE:0]: login failed.
DEBUG [2016-07-05 09:36:41][webview][FUNCTION][FILE:0]: destructure WebView...
INFO  [2016-07-05 09:37:38][sys]: finish configuring logging system.
INFO  [2016-07-05 09:37:38][sys]: application starting...
DEBUG [2016-07-05 09:37:39][webview][FUNCTION][FILE:0]: constructure WebView...
INFO  [2016-07-05 09:37:39][webview]: loading welcome page...
INFO  [2016-07-05 09:37:39][ui]: load finished: 1
INFO  [2016-07-05 09:37:39][ui]: account state:OFFLINE
INFO  [2016-07-05 09:37:41][ui]: clicked login button.
INFO  [2016-07-05 09:37:41][account]: prepare to login...
INFO  [2016-07-05 09:37:42][webview]: loading login page...
INFO  [2016-07-05 09:38:13][ui]: load finished: 1
INFO  [2016-07-05 09:38:13][ui]: account state:PREPARELOGIN
INFO  [2016-07-05 09:38:13][account]: filling login form...
INFO  [2016-07-05 09:38:13][account]: submit login form...
DEBUG [2016-07-05 09:38:18][webview][FUNCTION][FILE:0]: destructure WebView...
INFO  [2016-07-05 09:41:02][sys]: finish configuring logging system.
INFO  [2016-07-05 09:41:02][sys]: application starting...
DEBUG [2016-07-05 09:41:02][webview][FUNCTION][FILE:0]: constructure WebView...
INFO  [2016-07-05 09:41:02][webview]: loading welcome page...
INFO  [2016-07-05 09:41:02][ui]: load finished: 1
INFO  [2016-07-05 09:41:02][ui]: account state:OFFLINE
INFO  [2016-07-05 09:41:05][ui]: clicked login button.
INFO  [2016-07-05 09:41:05][account]: prepare to login...
INFO  [2016-07-05 09:41:06][webview]: loading login page...
INFO  [2016-07-05 09:41:19][ui]: load finished: 1
INFO  [2016-07-05 09:41:19][ui]: account state:PREPARELOGIN
INFO  [2016-07-05 09:41:19][account]: filling login form...
INFO  [2016-07-05 09:41:20][account]: submit login form...
DEBUG [2016-07-05 09:41:22][webview][FUNCTION][FILE:0]: destructure WebView...
INFO  [2016-07-05 09:42:21][sys]: finish configuring logging system.
INFO  [2016-07-05 09:42:21][sys]: application starting...
DEBUG [2016-07-05 09:42:21][webview][FUNCTION][FILE:0]: constructure WebView...
INFO  [2016-07-05 09:42:21][webview]: loading welcome page...
INFO  [2016-07-05 09:42:22][ui]: load finished: 1
INFO  [2016-07-05 09:42:22][ui]: account state:OFFLINE
INFO  [2016-07-05 09:43:54][ui]: clicked login button.
INFO  [2016-07-05 09:43:54][account]: prepare to login...
INFO  [2016-07-05 09:43:55][webview]: loading login page...
INFO  [2016-07-05 09:43:56][ui]: load finished: 1
INFO  [2016-07-05 09:43:56][ui]: account state:PREPARELOGIN
INFO  [2016-07-05 09:43:56][account]: filling login form...
INFO  [2016-07-05 09:43:57][account]: submit login form...
INFO  [2016-07-05 09:43:57][ui]: load finished: 1
INFO  [2016-07-05 09:43:57][ui]: account state:LOGIN
INFO  [2016-07-05 09:43:57][account]: finished login.
DEBUG [2016-07-05 09:44:21][webview][FUNCTION][FILE:0]: destructure WebView...
INFO  [2016-07-05 09:44:29][sys]: finish configuring logging system.
INFO  [2016-07-05 09:44:29][sys]: application starting...
DEBUG [2016-07-05 09:44:29][webview][FUNCTION][FILE:0]: constructure WebView...
INFO  [2016-07-05 09:44:29][webview]: loading welcome page...
INFO  [2016-07-05 09:44:29][ui]: load finished: 1
INFO  [2016-07-05 09:44:29][ui]: account state:OFFLINE
INFO  [2016-07-05 09:44:31][ui]: clicked login button.
INFO  [2016-07-05 09:44:31][account]: prepare to login...
INFO  [2016-07-05 09:44:32][webview]: loading login page...
INFO  [2016-07-05 09:44:33][ui]: load finished: 1
INFO  [2016-07-05 09:44:33][ui]: account state:PREPARELOGIN
INFO  [2016-07-05 09:44:33][account]: filling login form...
INFO  [2016-07-05 09:44:34][account]: submit login form...
INFO  [2016-07-05 09:44:34][ui]: load finished: 1
INFO  [2016-07-05 09:44:34][ui]: account state:LOGIN
INFO  [2016-07-05 09:44:34][account]: finished login.
INFO  [2016-07-05 09:44:35][ui]: load finished: 0
DEBUG [2016-07-05 09:44:45][webview][FUNCTION][FILE:0]: destructure WebView...
INFO  [2016-07-05 09:50:45][sys]: finish configuring logging system.
INFO  [2016-07-05 09:50:45][sys]: application starting...
DEBUG [2016-07-05 09:50:45][webview][FUNCTION][FILE:0]: constructure WebView...
INFO  [2016-07-05 09:50:45][webview]: loading welcome page...
INFO  [2016-07-05 09:50:45][ui]: load finished: 1
INFO  [2016-07-05 09:50:45][ui]: account state:OFFLINE
INFO  [2016-07-05 09:51:28][ui]: clicked login button.
INFO  [2016-07-05 09:51:28][account]: prepare to login...
INFO  [2016-07-05 09:51:29][webview]: loading login page...
INFO  [2016-07-05 09:51:34][ui]: load finished: 1
INFO  [2016-07-05 09:51:34][ui]: account state:PREPARELOGIN
INFO  [2016-07-05 09:51:34][account]: filling login form...
INFO  [2016-07-05 09:51:35][account]: submit login form...
INFO  [2016-07-05 09:51:55][ui]: load finished: 0
INFO  [2016-07-05 09:51:59][ui]: clicked logout button.
WARN  [2016-07-05 09:51:59][account][FUNCTION][FILE:0]: logout failed,account state is not ONLINE
WARN  [2016-07-05 09:51:59][ui][FUNCTION][FILE:0]: logout failed.
INFO  [2016-07-05 09:52:21][ui]: load finished: 1
INFO  [2016-07-05 09:52:21][ui]: account state:LOGIN
INFO  [2016-07-05 09:52:21][account]: finished login.
INFO  [2016-07-05 09:52:43][ui]: clicked logout button.
INFO  [2016-07-05 09:52:43][account]: prepare to logout...
INFO  [2016-07-05 09:52:46][account]: 
退出

INFO  [2016-07-05 09:53:14][ui]: clicked login button.
WARN  [2016-07-05 09:53:14][account][FUNCTION][FILE:0]: login failed,account state is not OFFLINE.
WARN  [2016-07-05 09:53:14][ui][FUNCTION][FILE:0]: login failed.
DEBUG [2016-07-05 09:53:18][webview][FUNCTION][FILE:0]: destructure WebView...
INFO  [2016-07-05 09:57:45][sys]: finish configuring logging system.
INFO  [2016-07-05 09:57:45][sys]: application starting...
DEBUG [2016-07-05 09:57:45][webview][FUNCTION][FILE:0]: constructure WebView...
INFO  [2016-07-05 09:57:45][webview]: loading welcome page...
INFO  [2016-07-05 09:57:45][ui]: load finished: 1
INFO  [2016-07-05 09:57:45][ui]: account state:OFFLINE
INFO  [2016-07-05 09:57:46][ui]: clicked login button.
INFO  [2016-07-05 09:57:46][account]: prepare to login...
INFO  [2016-07-05 09:57:47][webview]: loading login page...
INFO  [2016-07-05 09:57:51][ui]: load finished: 1
INFO  [2016-07-05 09:57:51][ui]: account state:PREPARELOGIN
INFO  [2016-07-05 09:57:51][account]: filling login form...
INFO  [2016-07-05 09:57:52][account]: submit login form...
INFO  [2016-07-05 09:58:37][ui]: load finished: 1
INFO  [2016-07-05 09:58:37][ui]: account state:LOGIN
INFO  [2016-07-05 09:58:37][account]: finished login.
INFO  [2016-07-05 09:59:11][ui]: clicked logout button.
INFO  [2016-07-05 09:59:11][account]: prepare to logout...
INFO  [2016-07-05 09:59:14][account]: http://www.linkedin.com/uas/logout?session_full_logout=&csrfToken=ajax%3A6777302503352506085&trk=nav_account_sub_nav_signout
INFO  [2016-07-05 09:59:33][ui]: clicked login button.
WARN  [2016-07-05 09:59:33][account][FUNCTION][FILE:0]: login failed,account state is not OFFLINE.
WARN  [2016-07-05 09:59:33][ui][FUNCTION][FILE:0]: login failed.
DEBUG [2016-07-05 09:59:35][webview][FUNCTION][FILE:0]: destructure WebView...
INFO  [2016-07-05 10:01:43][sys]: finish configuring logging system.
INFO  [2016-07-05 10:01:43][sys]: application starting...
DEBUG [2016-07-05 10:01:43][webview][FUNCTION][FILE:0]: constructure WebView...
INFO  [2016-07-05 10:01:43][webview]: loading welcome page...
INFO  [2016-07-05 10:01:43][ui]: load finished: 1
INFO  [2016-07-05 10:01:43][ui]: account state:OFFLINE
INFO  [2016-07-05 10:01:45][ui]: clicked login button.
INFO  [2016-07-05 10:01:45][account]: prepare to login...
INFO  [2016-07-05 10:01:46][webview]: loading login page...
INFO  [2016-07-05 10:01:56][ui]: load finished: 1
INFO  [2016-07-05 10:01:56][ui]: account state:PREPARELOGIN
INFO  [2016-07-05 10:01:56][account]: filling login form...
INFO  [2016-07-05 10:01:57][account]: submit login form...
INFO  [2016-07-05 10:02:12][ui]: load finished: 0
INFO  [2016-07-05 10:02:42][ui]: load finished: 1
INFO  [2016-07-05 10:02:42][ui]: account state:LOGIN
INFO  [2016-07-05 10:02:42][account]: finished login.
INFO  [2016-07-05 10:03:05][ui]: clicked logout button.
INFO  [2016-07-05 10:03:05][account]: prepare to logout...
INFO  [2016-07-05 10:03:34][ui]: clicked login button.
WARN  [2016-07-05 10:03:34][account][FUNCTION][FILE:0]: login failed,account state is not OFFLINE.
WARN  [2016-07-05 10:03:34][ui][FUNCTION][FILE:0]: login failed.
INFO  [2016-07-05 10:04:25][ui]: load finished: 1
INFO  [2016-07-05 10:04:25][ui]: account state:PREPARELOGOUT
INFO  [2016-07-05 10:05:22][ui]: load finished: 1
INFO  [2016-07-05 10:05:22][ui]: account state:LOGOUT
INFO  [2016-07-05 10:05:22][account]: finished logout.
INFO  [2016-07-05 10:05:25][ui]: clicked login button.
INFO  [2016-07-05 10:05:25][account]: prepare to login...
INFO  [2016-07-05 10:05:25][ui]: load finished: 0
INFO  [2016-07-05 10:05:25][webview]: loading login page...
INFO  [2016-07-05 10:05:31][ui]: load finished: 0
INFO  [2016-07-05 10:05:43][ui]: load finished: 1
INFO  [2016-07-05 10:05:43][ui]: account state:PREPARELOGIN
INFO  [2016-07-05 10:05:43][account]: filling login form...
INFO  [2016-07-05 10:05:45][account]: submit login form...
INFO  [2016-07-05 10:06:01][ui]: clicked logout button.
WARN  [2016-07-05 10:06:01][account][FUNCTION][FILE:0]: logout failed,account state is not ONLINE
WARN  [2016-07-05 10:06:01][ui][FUNCTION][FILE:0]: logout failed.
INFO  [2016-07-05 10:06:05][ui]: load finished: 0
INFO  [2016-07-05 10:06:08][ui]: clicked logout button.
WARN  [2016-07-05 10:06:08][account][FUNCTION][FILE:0]: logout failed,account state is not ONLINE
WARN  [2016-07-05 10:06:08][ui][FUNCTION][FILE:0]: logout failed.
INFO  [2016-07-05 10:06:12][ui]: load finished: 1
INFO  [2016-07-05 10:06:12][ui]: account state:LOGIN
INFO  [2016-07-05 10:06:12][account]: finished login.
INFO  [2016-07-05 10:06:12][ui]: load finished: 1
INFO  [2016-07-05 10:06:12][ui]: account state:ONLINE
INFO  [2016-07-05 10:06:12][ui]: load finished: 1
INFO  [2016-07-05 10:06:12][ui]: account state:ONLINE
INFO  [2016-07-05 10:06:18][ui]: clicked logout button.
INFO  [2016-07-05 10:06:18][account]: prepare to logout...
INFO  [2016-07-05 10:06:29][ui]: load finished: 0
INFO  [2016-07-05 10:07:31][ui]: load finished: 1
INFO  [2016-07-05 10:07:31][ui]: account state:PREPARELOGOUT
INFO  [2016-07-05 10:07:47][ui]: load finished: 1
INFO  [2016-07-05 10:07:47][ui]: account state:LOGOUT
INFO  [2016-07-05 10:07:47][account]: finished logout.
DEBUG [2016-07-05 10:09:26][webview][FUNCTION][FILE:0]: destructure WebView...
INFO  [2016-07-05 10:15:53][sys]: finish configuring logging system.
INFO  [2016-07-05 10:15:53][sys]: application starting...
DEBUG [2016-07-05 10:15:53][webview][FUNCTION][FILE:0]: constructure WebView...
INFO  [2016-07-05 10:15:53][webview]: loading welcome page...
INFO  [2016-07-05 10:15:53][ui]: load finished: 1
INFO  [2016-07-05 10:15:53][ui]: account state:OFFLINE
INFO  [2016-07-05 10:15:55][ui]: clicked login button.
INFO  [2016-07-05 10:15:55][account]: prepare to login...
INFO  [2016-07-05 10:15:56][webview]: loading login page...
INFO  [2016-07-05 10:16:19][ui]: load finished: 1
INFO  [2016-07-05 10:16:19][ui]: account state:PREPARELOGIN
INFO  [2016-07-05 10:16:19][account]: filling login form...
INFO  [2016-07-05 10:16:21][account]: submit login form...
INFO  [2016-07-05 10:17:02][ui]: load finished: 0
INFO  [2016-07-05 10:17:09][ui]: load finished: 1
INFO  [2016-07-05 10:17:09][ui]: account state:LOGIN
INFO  [2016-07-05 10:17:09][account]: finished login.
INFO  [2016-07-05 10:17:24][ui]: clicked logout button.
INFO  [2016-07-05 10:17:24][account]: prepare to logout...
INFO  [2016-07-05 10:17:24][account]: account-submenu-split-link
INFO  [2016-07-05 10:17:26][account]: account-submenu-split-link
INFO  [2016-07-05 10:17:29][account]: account-submenu-split-link
DEBUG [2016-07-05 10:17:46][webview][FUNCTION][FILE:0]: destructure WebView...
INFO  [2016-07-05 10:22:21][sys]: finish configuring logging system.
INFO  [2016-07-05 10:22:21][sys]: application starting...
DEBUG [2016-07-05 10:22:22][webview][FUNCTION][FILE:0]: constructure WebView...
INFO  [2016-07-05 10:22:22][webview]: loading welcome page...
INFO  [2016-07-05 10:22:22][ui]: load finished: 1
INFO  [2016-07-05 10:22:22][ui]: account state:OFFLINE
INFO  [2016-07-05 10:22:23][ui]: clicked login button.
INFO  [2016-07-05 10:22:23][account]: prepare to login...
INFO  [2016-07-05 10:22:24][webview]: loading login page...
INFO  [2016-07-05 10:22:25][ui]: load finished: 1
INFO  [2016-07-05 10:22:25][ui]: account state:PREPARELOGIN
INFO  [2016-07-05 10:22:25][account]: filling login form...
INFO  [2016-07-05 10:22:26][account]: submit login form...
INFO  [2016-07-05 10:22:26][ui]: load finished: 1
INFO  [2016-07-05 10:22:26][ui]: account state:LOGIN
INFO  [2016-07-05 10:22:26][account]: finished login.
INFO  [2016-07-05 10:22:27][ui]: load finished: 0
INFO  [2016-07-05 10:23:11][ui]: load finished: 1
INFO  [2016-07-05 10:23:11][ui]: account state:ONLINE
INFO  [2016-07-05 10:23:28][ui]: clicked logout button.
INFO  [2016-07-05 10:23:28][account]: prepare to logout...
DEBUG [2016-07-05 10:23:43][webview][FUNCTION][FILE:0]: destructure WebView...
INFO  [2016-07-05 10:25:27][sys]: finish configuring logging system.
INFO  [2016-07-05 10:25:27][sys]: application starting...
DEBUG [2016-07-05 10:25:28][webview][FUNCTION][FILE:0]: constructure WebView...
INFO  [2016-07-05 10:25:28][webview]: loading welcome page...
INFO  [2016-07-05 10:25:28][ui]: load finished: 1
INFO  [2016-07-05 10:25:28][ui]: account state:OFFLINE
INFO  [2016-07-05 10:25:30][ui]: clicked login button.
INFO  [2016-07-05 10:25:30][account]: prepare to login...
INFO  [2016-07-05 10:25:31][webview]: loading login page...
INFO  [2016-07-05 10:25:32][ui]: load finished: 1
INFO  [2016-07-05 10:25:32][ui]: account state:PREPARELOGIN
INFO  [2016-07-05 10:25:32][account]: filling login form...
INFO  [2016-07-05 10:25:33][account]: submit login form...
INFO  [2016-07-05 10:25:33][ui]: load finished: 1
INFO  [2016-07-05 10:25:33][ui]: account state:LOGIN
INFO  [2016-07-05 10:25:33][account]: finished login.
INFO  [2016-07-05 10:25:34][ui]: load finished: 0
INFO  [2016-07-05 10:26:18][ui]: load finished: 1
INFO  [2016-07-05 10:26:18][ui]: account state:ONLINE
INFO  [2016-07-05 10:26:35][ui]: clicked logout button.
INFO  [2016-07-05 10:26:35][account]: prepare to logout...
INFO  [2016-07-05 10:26:35][webview]: loading welcome page...
INFO  [2016-07-05 10:26:35][ui]: load finished: 1
INFO  [2016-07-05 10:26:35][ui]: account state:PREPARELOGOUT
INFO  [2016-07-05 10:26:35][account]: logout...
INFO  [2016-07-05 10:26:42][ui]: clicked login button.
WARN  [2016-07-05 10:26:42][account][FUNCTION][FILE:0]: login failed,account state is not OFFLINE.
WARN  [2016-07-05 10:26:42][ui][FUNCTION][FILE:0]: login failed.
DEBUG [2016-07-05 10:26:57][webview][FUNCTION][FILE:0]: destructure WebView...
INFO  [2016-07-05 10:27:37][sys]: finish configuring logging system.
INFO  [2016-07-05 10:27:37][sys]: application starting...
DEBUG [2016-07-05 10:27:37][webview][FUNCTION][FILE:0]: constructure WebView...
INFO  [2016-07-05 10:27:37][webview]: loading welcome page...
INFO  [2016-07-05 10:27:37][ui]: load finished: 1
INFO  [2016-07-05 10:27:37][ui]: account state:OFFLINE
INFO  [2016-07-05 10:27:40][ui]: clicked login button.
INFO  [2016-07-05 10:27:40][account]: prepare to login...
INFO  [2016-07-05 10:27:41][webview]: loading login page...
INFO  [2016-07-05 10:27:42][ui]: load finished: 1
INFO  [2016-07-05 10:27:42][ui]: account state:PREPARELOGIN
INFO  [2016-07-05 10:27:42][account]: filling login form...
INFO  [2016-07-05 10:27:43][account]: submit login form...
INFO  [2016-07-05 10:27:43][ui]: load finished: 1
INFO  [2016-07-05 10:27:43][ui]: account state:LOGIN
INFO  [2016-07-05 10:27:43][account]: finished login.
INFO  [2016-07-05 10:27:44][ui]: load finished: 0
INFO  [2016-07-05 10:28:25][ui]: load finished: 0
INFO  [2016-07-05 10:28:30][ui]: load finished: 1
INFO  [2016-07-05 10:28:30][ui]: account state:ONLINE
INFO  [2016-07-05 10:28:53][ui]: clicked logout button.
INFO  [2016-07-05 10:28:53][account]: prepare to logout...
INFO  [2016-07-05 10:28:53][ui]: load finished: 0
INFO  [2016-07-05 10:28:53][webview]: loading welcome page...
INFO  [2016-07-05 10:28:53][ui]: load finished: 1
INFO  [2016-07-05 10:28:53][ui]: account state:PREPARELOGOUT
INFO  [2016-07-05 10:28:53][account]: logout...
INFO  [2016-07-05 10:28:59][ui]: clicked login button.
INFO  [2016-07-05 10:28:59][account]: prepare to login...
INFO  [2016-07-05 10:28:59][webview]: loading login page...
INFO  [2016-07-05 10:29:06][ui]: load finished: 1
INFO  [2016-07-05 10:29:06][ui]: account state:PREPARELOGIN
INFO  [2016-07-05 10:29:06][account]: filling login form...
INFO  [2016-07-05 10:29:08][account]: submit login form...
INFO  [2016-07-05 10:29:12][ui]: clicked logout button.
WARN  [2016-07-05 10:29:12][account][FUNCTION][FILE:0]: logout failed,account state is not ONLINE
WARN  [2016-07-05 10:29:12][ui][FUNCTION][FILE:0]: logout failed.
INFO  [2016-07-05 10:29:17][ui]: load finished: 1
INFO  [2016-07-05 10:29:17][ui]: account state:LOGIN
INFO  [2016-07-05 10:29:17][account]: finished login.
INFO  [2016-07-05 10:29:20][ui]: clicked logout button.
INFO  [2016-07-05 10:29:20][account]: prepare to logout...
INFO  [2016-07-05 10:29:20][webview]: loading welcome page...
INFO  [2016-07-05 10:29:20][ui]: load finished: 1
INFO  [2016-07-05 10:29:20][ui]: account state:PREPARELOGOUT
INFO  [2016-07-05 10:29:20][account]: logout...
INFO  [2016-07-05 10:29:22][ui]: clicked login button.
INFO  [2016-07-05 10:29:22][account]: prepare to login...
INFO  [2016-07-05 10:29:22][webview]: loading login page...
INFO  [2016-07-05 10:29:22][ui]: load finished: 1
INFO  [2016-07-05 10:29:22][ui]: account state:PREPARELOGIN
INFO  [2016-07-05 10:29:22][account]: filling login form...
INFO  [2016-07-05 10:29:25][account]: submit login form...
INFO  [2016-07-05 10:30:09][ui]: load finished: 1
INFO  [2016-07-05 10:30:09][ui]: account state:LOGIN
INFO  [2016-07-05 10:30:09][account]: finished login.
INFO  [2016-07-05 10:30:16][ui]: clicked logout button.
INFO  [2016-07-05 10:30:16][account]: prepare to logout...
INFO  [2016-07-05 10:30:16][webview]: loading welcome page...
INFO  [2016-07-05 10:30:16][ui]: load finished: 1
INFO  [2016-07-05 10:30:16][ui]: account state:PREPARELOGOUT
INFO  [2016-07-05 10:30:16][account]: logout...
INFO  [2016-07-05 10:30:17][ui]: clicked login button.
INFO  [2016-07-05 10:30:17][account]: prepare to login...
INFO  [2016-07-05 10:30:17][webview]: loading login page...
DEBUG [2016-07-05 10:30:19][webview][FUNCTION][FILE:0]: destructure WebView...
INFO  [2016-07-05 10:31:40][sys]: finish configuring logging system.
INFO  [2016-07-05 10:31:40][sys]: application starting...
DEBUG [2016-07-05 10:31:40][webview][FUNCTION][FILE:0]: constructure WebView...
INFO  [2016-07-05 10:31:40][webview]: loading welcome page...
INFO  [2016-07-05 10:31:40][ui]: load finished: 1
INFO  [2016-07-05 10:31:40][ui]: account state:OFFLINE
INFO  [2016-07-05 10:31:45][ui]: clicked login button.
INFO  [2016-07-05 10:31:45][account]: prepare to login...
INFO  [2016-07-05 10:31:46][webview]: loading login page...
INFO  [2016-07-05 10:31:47][ui]: load finished: 1
INFO  [2016-07-05 10:31:47][ui]: account state:PREPARELOGIN
INFO  [2016-07-05 10:31:47][account]: filling login form...
INFO  [2016-07-05 10:31:48][account]: submit login form...
INFO  [2016-07-05 10:31:48][ui]: load finished: 1
INFO  [2016-07-05 10:31:48][ui]: account state:LOGIN
INFO  [2016-07-05 10:31:48][account]: finished login.
INFO  [2016-07-05 10:31:49][ui]: load finished: 0
INFO  [2016-07-05 10:31:54][ui]: clicked logout button.
INFO  [2016-07-05 10:31:54][account]: prepare to logout...
INFO  [2016-07-05 10:31:54][ui]: load finished: 0
INFO  [2016-07-05 10:31:54][webview]: loading welcome page...
INFO  [2016-07-05 10:31:54][ui]: load finished: 1
INFO  [2016-07-05 10:31:54][ui]: account state:PREPARELOGOUT
INFO  [2016-07-05 10:31:54][account]: logout...
INFO  [2016-07-05 10:32:10][ui]: clicked login button.
INFO  [2016-07-05 10:32:10][account]: prepare to login...
INFO  [2016-07-05 10:32:10][webview]: loading login page...
INFO  [2016-07-05 10:32:11][ui]: load finished: 1
INFO  [2016-07-05 10:32:11][ui]: account state:PREPARELOGIN
INFO  [2016-07-05 10:32:11][account]: filling login form...
INFO  [2016-07-05 10:32:14][account]: submit login form...
INFO  [2016-07-05 10:32:21][ui]: clicked logout button.
INFO  [2016-07-05 10:32:21][account]: prepare to logout...
INFO  [2016-07-05 10:32:21][ui]: load finished: 0
INFO  [2016-07-05 10:32:21][webview]: loading welcome page...
INFO  [2016-07-05 10:32:21][ui]: load finished: 1
INFO  [2016-07-05 10:32:21][ui]: account state:PREPARELOGOUT
INFO  [2016-07-05 10:32:21][account]: logout...
INFO  [2016-07-05 10:32:23][ui]: clicked login button.
INFO  [2016-07-05 10:32:23][account]: prepare to login...
INFO  [2016-07-05 10:32:23][webview]: loading login page...
INFO  [2016-07-05 10:32:24][ui]: load finished: 1
INFO  [2016-07-05 10:32:24][ui]: account state:PREPARELOGIN
INFO  [2016-07-05 10:32:24][account]: filling login form...
INFO  [2016-07-05 10:32:27][account]: submit login form...
INFO  [2016-07-05 10:32:30][ui]: clicked logout button.
INFO  [2016-07-05 10:32:30][account]: prepare to logout...
INFO  [2016-07-05 10:32:30][ui]: load finished: 0
INFO  [2016-07-05 10:32:30][webview]: loading welcome page...
INFO  [2016-07-05 10:32:30][ui]: load finished: 1
INFO  [2016-07-05 10:32:30][ui]: account state:PREPARELOGOUT
INFO  [2016-07-05 10:32:30][account]: logout...
INFO  [2016-07-05 10:32:56][ui]: clicked login button.
INFO  [2016-07-05 10:32:56][account]: prepare to login...
INFO  [2016-07-05 10:32:56][webview]: loading login page...
INFO  [2016-07-05 10:32:57][ui]: load finished: 1
INFO  [2016-07-05 10:32:57][ui]: account state:PREPARELOGIN
INFO  [2016-07-05 10:32:57][account]: filling login form...
INFO  [2016-07-05 10:32:59][account]: submit login form...
INFO  [2016-07-05 10:33:00][ui]: clicked logout button.
INFO  [2016-07-05 10:33:00][account]: prepare to logout...
INFO  [2016-07-05 10:33:00][ui]: load finished: 0
INFO  [2016-07-05 10:33:00][webview]: loading welcome page...
INFO  [2016-07-05 10:33:00][ui]: load finished: 1
INFO  [2016-07-05 10:33:00][ui]: account state:PREPARELOGOUT
INFO  [2016-07-05 10:33:00][account]: logout...
INFO  [2016-07-05 10:33:01][ui]: clicked login button.
INFO  [2016-07-05 10:33:01][account]: prepare to login...
INFO  [2016-07-05 10:33:01][webview]: loading login page...
INFO  [2016-07-05 10:33:02][ui]: load finished: 1
INFO  [2016-07-05 10:33:02][ui]: account state:PREPARELOGIN
INFO  [2016-07-05 10:33:02][account]: filling login form...
INFO  [2016-07-05 10:33:04][account]: submit login form...
INFO  [2016-07-05 10:33:04][ui]: clicked logout button.
INFO  [2016-07-05 10:33:04][account]: prepare to logout...
INFO  [2016-07-05 10:33:04][webview]: loading welcome page...
INFO  [2016-07-05 10:33:04][ui]: load finished: 1
INFO  [2016-07-05 10:33:04][ui]: account state:PREPARELOGOUT
INFO  [2016-07-05 10:33:04][account]: logout...
INFO  [2016-07-05 10:33:09][ui]: clicked login button.
INFO  [2016-07-05 10:33:09][account]: prepare to login...
INFO  [2016-07-05 10:33:09][webview]: loading login page...
INFO  [2016-07-05 10:33:10][ui]: load finished: 1
INFO  [2016-07-05 10:33:10][ui]: account state:PREPARELOGIN
INFO  [2016-07-05 10:33:10][account]: filling login form...
INFO  [2016-07-05 10:33:12][account]: submit login form...
INFO  [2016-07-05 10:33:12][ui]: clicked logout button.
INFO  [2016-07-05 10:33:12][account]: prepare to logout...
INFO  [2016-07-05 10:33:12][webview]: loading welcome page...
INFO  [2016-07-05 10:33:12][ui]: load finished: 1
INFO  [2016-07-05 10:33:12][ui]: account state:PREPARELOGOUT
INFO  [2016-07-05 10:33:12][account]: logout...
INFO  [2016-07-05 10:33:14][ui]: clicked login button.
INFO  [2016-07-05 10:33:14][account]: prepare to login...
INFO  [2016-07-05 10:33:14][webview]: loading login page...
INFO  [2016-07-05 10:33:15][ui]: load finished: 1
INFO  [2016-07-05 10:33:15][ui]: account state:PREPARELOGIN
INFO  [2016-07-05 10:33:15][account]: filling login form...
INFO  [2016-07-05 10:33:17][account]: submit login form...
INFO  [2016-07-05 10:33:18][ui]: clicked logout button.
INFO  [2016-07-05 10:33:18][account]: prepare to logout...
INFO  [2016-07-05 10:33:18][webview]: loading welcome page...
INFO  [2016-07-05 10:33:18][ui]: load finished: 1
INFO  [2016-07-05 10:33:18][ui]: account state:PREPARELOGOUT
INFO  [2016-07-05 10:33:18][account]: logout...
INFO  [2016-07-05 10:33:20][ui]: clicked login button.
INFO  [2016-07-05 10:33:20][account]: prepare to login...
INFO  [2016-07-05 10:33:20][webview]: loading login page...
INFO  [2016-07-05 10:33:20][ui]: load finished: 1
INFO  [2016-07-05 10:33:20][ui]: account state:PREPARELOGIN
INFO  [2016-07-05 10:33:20][account]: filling login form...
INFO  [2016-07-05 10:33:22][account]: submit login form...
INFO  [2016-07-05 10:33:22][ui]: clicked logout button.
INFO  [2016-07-05 10:33:22][account]: prepare to logout...
INFO  [2016-07-05 10:33:22][webview]: loading welcome page...
INFO  [2016-07-05 10:33:22][ui]: load finished: 1
INFO  [2016-07-05 10:33:22][ui]: account state:PREPARELOGOUT
INFO  [2016-07-05 10:33:22][account]: logout...
INFO  [2016-07-05 10:33:25][ui]: clicked login button.
INFO  [2016-07-05 10:33:25][account]: prepare to login...
INFO  [2016-07-05 10:33:25][webview]: loading login page...
INFO  [2016-07-05 10:33:26][ui]: load finished: 1
INFO  [2016-07-05 10:33:26][ui]: account state:PREPARELOGIN
INFO  [2016-07-05 10:33:26][account]: filling login form...
INFO  [2016-07-05 10:33:27][account]: submit login form...
INFO  [2016-07-05 10:33:27][ui]: load finished: 1
INFO  [2016-07-05 10:33:27][ui]: account state:LOGIN
INFO  [2016-07-05 10:33:27][account]: finished login.
INFO  [2016-07-05 10:33:29][ui]: clicked logout button.
INFO  [2016-07-05 10:33:29][account]: prepare to logout...
INFO  [2016-07-05 10:33:29][ui]: load finished: 0
INFO  [2016-07-05 10:33:29][webview]: loading welcome page...
INFO  [2016-07-05 10:33:29][ui]: load finished: 1
INFO  [2016-07-05 10:33:29][ui]: account state:PREPARELOGOUT
INFO  [2016-07-05 10:33:29][account]: logout...
INFO  [2016-07-05 10:33:39][ui]: clicked login button.
INFO  [2016-07-05 10:33:39][account]: prepare to login...
INFO  [2016-07-05 10:33:39][webview]: loading login page...
INFO  [2016-07-05 10:33:39][ui]: load finished: 1
INFO  [2016-07-05 10:33:39][ui]: account state:PREPARELOGIN
INFO  [2016-07-05 10:33:39][account]: filling login form...
INFO  [2016-07-05 10:33:42][account]: submit login form...
INFO  [2016-07-05 10:33:42][ui]: clicked logout button.
INFO  [2016-07-05 10:33:42][account]: prepare to logout...
INFO  [2016-07-05 10:33:42][webview]: loading welcome page...
INFO  [2016-07-05 10:33:42][ui]: load finished: 1
INFO  [2016-07-05 10:33:42][ui]: account state:PREPARELOGOUT
INFO  [2016-07-05 10:33:42][account]: logout...
INFO  [2016-07-05 10:33:44][ui]: clicked login button.
INFO  [2016-07-05 10:33:44][account]: prepare to login...
INFO  [2016-07-05 10:33:44][webview]: loading login page...
INFO  [2016-07-05 10:33:44][ui]: load finished: 1
INFO  [2016-07-05 10:33:44][ui]: account state:PREPARELOGIN
INFO  [2016-07-05 10:33:44][account]: filling login form...
INFO  [2016-07-05 10:33:47][account]: submit login form...
INFO  [2016-07-05 10:33:47][ui]: clicked logout button.
INFO  [2016-07-05 10:33:47][account]: prepare to logout...
INFO  [2016-07-05 10:33:47][webview]: loading welcome page...
INFO  [2016-07-05 10:33:47][ui]: load finished: 1
INFO  [2016-07-05 10:33:47][ui]: account state:PREPARELOGOUT
INFO  [2016-07-05 10:33:47][account]: logout...
INFO  [2016-07-05 10:33:48][ui]: clicked login button.
INFO  [2016-07-05 10:33:48][account]: prepare to login...
INFO  [2016-07-05 10:33:48][webview]: loading login page...
INFO  [2016-07-05 10:33:50][ui]: clicked logout button.
INFO  [2016-07-05 10:33:50][account]: prepare to logout...
INFO  [2016-07-05 10:33:50][ui]: load finished: 0
INFO  [2016-07-05 10:33:50][webview]: loading welcome page...
INFO  [2016-07-05 10:33:50][ui]: load finished: 1
INFO  [2016-07-05 10:33:50][ui]: account state:PREPARELOGOUT
INFO  [2016-07-05 10:33:50][account]: logout...
INFO  [2016-07-05 10:33:52][ui]: clicked login button.
INFO  [2016-07-05 10:33:52][account]: prepare to login...
INFO  [2016-07-05 10:33:52][webview]: loading login page...
INFO  [2016-07-05 10:34:07][ui]: load finished: 1
INFO  [2016-07-05 10:34:07][ui]: account state:PREPARELOGIN
INFO  [2016-07-05 10:34:07][account]: filling login form...
INFO  [2016-07-05 10:34:09][account]: submit login form...
INFO  [2016-07-05 10:34:11][ui]: clicked logout button.
INFO  [2016-07-05 10:34:11][account]: prepare to logout...
INFO  [2016-07-05 10:34:11][ui]: load finished: 0
INFO  [2016-07-05 10:34:11][webview]: loading welcome page...
INFO  [2016-07-05 10:34:11][ui]: load finished: 1
INFO  [2016-07-05 10:34:11][ui]: account state:PREPARELOGOUT
INFO  [2016-07-05 10:34:11][account]: logout...
INFO  [2016-07-05 10:34:54][ui]: clicked login button.
INFO  [2016-07-05 10:34:54][account]: prepare to login...
INFO  [2016-07-05 10:34:54][webview]: loading login page...
INFO  [2016-07-05 10:35:01][ui]: load finished: 1
INFO  [2016-07-05 10:35:01][ui]: account state:PREPARELOGIN
INFO  [2016-07-05 10:35:01][account]: filling login form...
INFO  [2016-07-05 10:35:04][account]: submit login form...
INFO  [2016-07-05 10:35:16][ui]: clicked logout button.
INFO  [2016-07-05 10:35:16][account]: prepare to logout...
INFO  [2016-07-05 10:35:16][ui]: load finished: 0
INFO  [2016-07-05 10:35:16][webview]: loading welcome page...
INFO  [2016-07-05 10:35:16][ui]: load finished: 1
INFO  [2016-07-05 10:35:16][ui]: account state:PREPARELOGOUT
INFO  [2016-07-05 10:35:16][account]: logout...
DEBUG [2016-07-05 10:35:18][webview][FUNCTION][FILE:0]: destructure WebView...
INFO  [2016-07-08 08:56:59][sys]: finish configuring logging system.
INFO  [2016-07-08 08:56:59][sys]: application starting...
DEBUG [2016-07-08 08:57:02][webview][FUNCTION][FILE:0]: constructure WebView...
INFO  [2016-07-08 08:57:04][webview]: loading welcome page...
INFO  [2016-07-08 08:57:04][ui]: load finished: 1
INFO  [2016-07-08 08:57:04][ui]: account state:OFFLINE
INFO  [2016-07-08 08:57:13][ui]: clicked login button.
INFO  [2016-07-08 08:57:13][account]: prepare to login...
INFO  [2016-07-08 08:57:14][webview]: loading login page...
INFO  [2016-07-08 08:57:17][ui]: load finished: 1
INFO  [2016-07-08 08:57:17][ui]: account state:PREPARELOGIN
INFO  [2016-07-08 08:57:17][account]: filling login form...
INFO  [2016-07-08 08:57:19][account]: submit login form...
INFO  [2016-07-08 08:57:28][ui]: clicked logout button.
INFO  [2016-07-08 08:57:28][account]: prepare to logout...
INFO  [2016-07-08 08:57:28][ui]: load finished: 0
INFO  [2016-07-08 08:57:28][webview]: loading welcome page...
INFO  [2016-07-08 08:57:28][ui]: load finished: 1
INFO  [2016-07-08 08:57:28][ui]: account state:PREPARELOGOUT
INFO  [2016-07-08 08:57:28][account]: logout...
DEBUG [2016-07-08 08:57:30][webview][FUNCTION][FILE:0]: destructure WebView...
INFO  [2016-07-08 08:58:16][sys]: finish configuring logging system.
INFO  [2016-07-08 08:58:16][sys]: application starting...
DEBUG [2016-07-08 08:58:16][webview][FUNCTION][FILE:0]: constructure WebView...
INFO  [2016-07-08 08:58:16][webview]: loading welcome page...
INFO  [2016-07-08 08:58:16][ui]: load finished: 1
INFO  [2016-07-08 08:58:16][ui]: account state:OFFLINE
INFO  [2016-07-08 08:58:31][ui]: clicked login button.
INFO  [2016-07-08 08:58:31][account]: prepare to login...
INFO  [2016-07-08 08:58:32][webview]: loading login page...
INFO  [2016-07-08 08:58:33][ui]: load finished: 1
INFO  [2016-07-08 08:58:33][ui]: account state:PREPARELOGIN
INFO  [2016-07-08 08:58:33][account]: filling login form...
INFO  [2016-07-08 08:58:35][account]: submit login form...
INFO  [2016-07-08 08:58:35][ui]: load finished: 0
DEBUG [2016-07-08 08:58:48][webview][FUNCTION][FILE:0]: destructure WebView...
INFO  [2016-07-08 09:03:48][sys]: finish configuring logging system.
INFO  [2016-07-08 09:03:48][sys]: application starting...
DEBUG [2016-07-08 09:03:48][webview][FUNCTION][FILE:0]: constructure WebView...
INFO  [2016-07-08 09:03:48][webview]: loading welcome page...
INFO  [2016-07-08 09:03:48][ui]: load finished: 1
INFO  [2016-07-08 09:03:48][ui]: account state:OFFLINE
INFO  [2016-07-08 09:03:55][ui]: clicked login button.
INFO  [2016-07-08 09:03:55][account]: prepare to login...
INFO  [2016-07-08 09:03:57][webview]: loading login page...
INFO  [2016-07-08 09:04:22][ui]: load finished: 1
INFO  [2016-07-08 09:04:22][ui]: account state:PREPARELOGIN
INFO  [2016-07-08 09:04:22][account]: filling login form...
INFO  [2016-07-08 09:04:23][account]: submit login form...
INFO  [2016-07-08 09:05:50][ui]: load finished: 1
INFO  [2016-07-08 09:05:50][ui]: account state:LOGIN
INFO  [2016-07-08 09:05:50][account]: finished login.
DEBUG [2016-07-08 09:06:08][webview][FUNCTION][FILE:0]: destructure WebView...
INFO  [2016-07-08 10:50:53][sys]: finish configuring logging system.
INFO  [2016-07-08 10:50:53][sys]: application starting...
DEBUG [2016-07-08 10:50:55][webview][FUNCTION][FILE:0]: constructure WebView...
INFO  [2016-07-08 10:50:55][webview]: loading welcome page...
FATAL [2016-07-08 10:50:55][default][void el::base::debug::logCrashReason(int, bool, el::Level, const char*)][..\..\LinkedinAssistant/logging/easylogging++.h:5583]: CRASH HANDLED; Application has crashed due to [SIGSEGV] signal
WARN  [2016-07-08 10:50:55][default][void el::base::debug::logCrashReason(int, bool, el::Level, const char*)][..\..\LinkedinAssistant/logging/easylogging++.h:5583]: Aborting application. Reason: Fatal log at [..\..\LinkedinAssistant/logging/easylogging++.h:5583]
INFO  [2016-07-08 10:50:55][ui]: load finished: 1
INFO  [2016-07-08 10:50:55][ui]: account state:OFFLINE
INFO  [2016-07-08 10:52:11][sys]: finish configuring logging system.
INFO  [2016-07-08 10:52:11][sys]: application starting...
DEBUG [2016-07-08 10:52:12][webview][FUNCTION][FILE:0]: constructure WebView...
INFO  [2016-07-08 10:52:12][webview]: loading welcome page...
FATAL [2016-07-08 10:52:12][default][void el::base::debug::logCrashReason(int, bool, el::Level, const char*)][..\..\LinkedinAssistant/logging/easylogging++.h:5583]: CRASH HANDLED; Application has crashed due to [SIGSEGV] signal
WARN  [2016-07-08 10:52:12][default][void el::base::debug::logCrashReason(int, bool, el::Level, const char*)][..\..\LinkedinAssistant/logging/easylogging++.h:5583]: Aborting application. Reason: Fatal log at [..\..\LinkedinAssistant/logging/easylogging++.h:5583]
INFO  [2016-07-08 10:52:12][ui]: load finished: 1
INFO  [2016-07-08 10:52:12][ui]: account state:OFFLINE
INFO  [2016-07-08 10:56:25][sys]: finish configuring logging system.
INFO  [2016-07-08 10:56:25][sys]: application starting...
DEBUG [2016-07-08 10:56:25][webview][FUNCTION][FILE:0]: constructure WebView...
INFO  [2016-07-08 10:56:25][webview]: loading welcome page...
INFO  [2016-07-08 10:56:25][ui]: load finished: 1
INFO  [2016-07-08 10:56:25][ui]: account state:OFFLINE
DEBUG [2016-07-08 10:56:32][webview][FUNCTION][FILE:0]: destructure WebView...
INFO  [2016-07-08 10:57:13][sys]: finish configuring logging system.
INFO  [2016-07-08 10:57:13][sys]: application starting...
INFO  [2016-07-08 10:57:18][sys]: finish configuring logging system.
INFO  [2016-07-08 10:57:18][sys]: application starting...
DEBUG [2016-07-08 10:57:18][webview][FUNCTION][FILE:0]: constructure WebView...
INFO  [2016-07-08 10:57:18][webview]: loading welcome page...
INFO  [2016-07-08 10:57:18][ui]: load finished: 1
INFO  [2016-07-08 10:57:18][ui]: account state:OFFLINE
INFO  [2016-07-08 10:57:34][ui]: clicked login button.
INFO  [2016-07-08 10:57:34][account]: prepare to login...
INFO  [2016-07-08 10:57:35][webview]: loading login page...
INFO  [2016-07-08 10:57:37][ui]: load finished: 1
INFO  [2016-07-08 10:57:37][ui]: account state:PREPARELOGIN
INFO  [2016-07-08 10:57:37][account]: filling login form...
INFO  [2016-07-08 10:57:38][account]: submit login form...
INFO  [2016-07-08 10:58:23][ui]: load finished: 1
INFO  [2016-07-08 10:58:23][ui]: account state:LOGIN
INFO  [2016-07-08 10:58:23][account]: finished login.
INFO  [2016-07-08 10:58:36][ui]: load finished: 1
INFO  [2016-07-08 10:58:36][ui]: account state:ONLINE
INFO  [2016-07-08 10:58:36][ui]: load finished: 1
INFO  [2016-07-08 10:58:36][ui]: account state:ONLINE
INFO  [2016-07-08 10:58:42][ui]: load finished: 1
INFO  [2016-07-08 10:58:42][ui]: account state:ONLINE
INFO  [2016-07-08 10:58:42][ui]: load finished: 1
INFO  [2016-07-08 10:58:42][ui]: account state:ONLINE
INFO  [2016-07-08 10:58:59][ui]: load finished: 0
INFO  [2016-07-08 10:59:00][ui]: load finished: 1
INFO  [2016-07-08 10:59:00][ui]: account state:ONLINE
INFO  [2016-07-08 10:59:11][ui]: load finished: 0
INFO  [2016-07-08 10:59:13][ui]: load finished: 1
INFO  [2016-07-08 10:59:13][ui]: account state:ONLINE
INFO  [2016-07-08 10:59:28][ui]: load finished: 1
INFO  [2016-07-08 10:59:28][ui]: account state:ONLINE
INFO  [2016-07-08 10:59:31][ui]: load finished: 0
INFO  [2016-07-08 10:59:35][ui]: load finished: 1
INFO  [2016-07-08 10:59:35][ui]: account state:ONLINE
INFO  [2016-07-08 10:59:51][ui]: load finished: 1
INFO  [2016-07-08 10:59:51][ui]: account state:ONLINE
INFO  [2016-07-08 11:00:02][ui]: load finished: 1
INFO  [2016-07-08 11:00:02][ui]: account state:ONLINE
INFO  [2016-07-08 11:00:07][ui]: load finished: 0
INFO  [2016-07-08 11:00:12][ui]: load finished: 0
INFO  [2016-07-08 11:00:49][ui]: load finished: 1
INFO  [2016-07-08 11:00:49][ui]: account state:ONLINE
INFO  [2016-07-08 11:01:02][ui]: load finished: 1
INFO  [2016-07-08 11:01:02][ui]: account state:ONLINE
INFO  [2016-07-08 11:01:02][ui]: load finished: 1
INFO  [2016-07-08 11:01:02][ui]: account state:ONLINE
INFO  [2016-07-08 11:01:02][ui]: load finished: 1
INFO  [2016-07-08 11:01:02][ui]: account state:ONLINE
INFO  [2016-07-08 11:01:02][ui]: load finished: 0
INFO  [2016-07-08 11:01:03][ui]: load finished: 1
INFO  [2016-07-08 11:01:03][ui]: account state:ONLINE
INFO  [2016-07-08 11:01:03][ui]: load finished: 1
INFO  [2016-07-08 11:01:03][ui]: account state:ONLINE
INFO  [2016-07-08 11:01:03][ui]: load finished: 1
INFO  [2016-07-08 11:01:03][ui]: account state:ONLINE
INFO  [2016-07-08 11:01:09][ui]: load finished: 1
INFO  [2016-07-08 11:01:09][ui]: account state:ONLINE
INFO  [2016-07-08 11:01:10][ui]: load finished: 1
INFO  [2016-07-08 11:01:10][ui]: account state:ONLINE
INFO  [2016-07-08 11:01:21][ui]: load finished: 1
INFO  [2016-07-08 11:01:21][ui]: account state:ONLINE
INFO  [2016-07-08 11:01:22][ui]: load finished: 1
INFO  [2016-07-08 11:01:22][ui]: account state:ONLINE
INFO  [2016-07-08 11:01:22][ui]: load finished: 1
INFO  [2016-07-08 11:01:22][ui]: account state:ONLINE
INFO  [2016-07-08 11:01:34][ui]: load finished: 1
INFO  [2016-07-08 11:01:34][ui]: account state:ONLINE
INFO  [2016-07-08 11:01:35][ui]: load finished: 1
INFO  [2016-07-08 11:01:35][ui]: account state:ONLINE
INFO  [2016-07-08 11:01:35][ui]: load finished: 1
INFO  [2016-07-08 11:01:35][ui]: account state:ONLINE
INFO  [2016-07-08 11:02:27][ui]: load finished: 0
INFO  [2016-07-08 11:02:32][ui]: load finished: 1
INFO  [2016-07-08 11:02:32][ui]: account state:ONLINE
INFO  [2016-07-08 11:03:03][ui]: load finished: 1
INFO  [2016-07-08 11:03:03][ui]: account state:ONLINE
INFO  [2016-07-08 11:03:20][ui]: load finished: 0
INFO  [2016-07-08 11:03:39][ui]: clicked logout button.
INFO  [2016-07-08 11:03:39][account]: prepare to logout...
INFO  [2016-07-08 11:03:39][ui]: load finished: 0
INFO  [2016-07-08 11:03:40][webview]: loading welcome page...
INFO  [2016-07-08 11:03:40][ui]: load finished: 1
INFO  [2016-07-08 11:03:40][ui]: account state:PREPARELOGOUT
INFO  [2016-07-08 11:03:40][account]: logout...
INFO  [2016-07-08 11:03:49][ui]: clicked share button.
INFO  [2016-07-08 11:03:49][account]: start timer: start auto sharing.
DEBUG [2016-07-08 11:03:50][webview][FUNCTION][FILE:0]: destructure WebView...
INFO  [2016-07-08 11:14:36][sys]: finish configuring logging system.
INFO  [2016-07-08 11:14:36][sys]: application starting...
DEBUG [2016-07-08 11:14:36][webview][FUNCTION][FILE:0]: constructure WebView...
INFO  [2016-07-08 11:14:36][webview]: loading welcome page...
INFO  [2016-07-08 11:14:37][ui]: load finished: 1
INFO  [2016-07-08 11:14:37][ui]: account state:OFFLINE
INFO  [2016-07-08 11:14:44][ui]: clicked login button.
INFO  [2016-07-08 11:14:44][account]: prepare to login...
INFO  [2016-07-08 11:14:45][webview]: loading login page...
INFO  [2016-07-08 11:14:47][ui]: load finished: 1
INFO  [2016-07-08 11:14:47][ui]: account state:PREPARELOGIN
INFO  [2016-07-08 11:14:47][account]: filling login form...
INFO  [2016-07-08 11:14:48][account]: submit login form...
DEBUG [2016-07-08 11:15:05][webview][FUNCTION][FILE:0]: destructure WebView...
INFO  [2016-07-08 11:16:25][sys]: finish configuring logging system.
INFO  [2016-07-08 11:16:25][sys]: application starting...
DEBUG [2016-07-08 11:16:25][webview][FUNCTION][FILE:0]: constructure WebView...
INFO  [2016-07-08 11:16:25][webview]: loading welcome page...
INFO  [2016-07-08 11:16:25][ui]: load finished: 1
INFO  [2016-07-08 11:16:25][ui]: account state:OFFLINE
INFO  [2016-07-08 11:16:30][ui]: clicked login button.
INFO  [2016-07-08 11:16:30][account]: prepare to login...
INFO  [2016-07-08 11:16:31][webview]: loading login page...
INFO  [2016-07-08 11:16:33][ui]: load finished: 1
INFO  [2016-07-08 11:16:33][ui]: account state:PREPARELOGIN
INFO  [2016-07-08 11:16:33][account]: filling login form...
INFO  [2016-07-08 11:16:34][account]: submit login form...
INFO  [2016-07-08 11:16:34][ui]: load finished: 1
INFO  [2016-07-08 11:16:34][ui]: account state:LOGIN
INFO  [2016-07-08 11:16:34][account]: finished login.
INFO  [2016-07-08 11:16:34][ui]: load finished: 1
INFO  [2016-07-08 11:16:34][ui]: account state:ONLINE
INFO  [2016-07-08 11:17:19][ui]: load finished: 1
INFO  [2016-07-08 11:17:19][ui]: account state:ONLINE
DEBUG [2016-07-08 11:19:09][webview][FUNCTION][FILE:0]: destructure WebView...
INFO  [2016-07-08 11:20:18][sys]: finish configuring logging system.
INFO  [2016-07-08 11:20:18][sys]: application starting...
DEBUG [2016-07-08 11:20:18][webview][FUNCTION][FILE:0]: constructure WebView...
INFO  [2016-07-08 11:20:18][webview]: loading welcome page...
INFO  [2016-07-08 11:20:19][ui]: load finished: 1
INFO  [2016-07-08 11:20:19][ui]: account state:OFFLINE
INFO  [2016-07-08 11:20:27][ui]: clicked login button.
INFO  [2016-07-08 11:20:27][account]: prepare to login...
INFO  [2016-07-08 11:20:28][webview]: loading login page...
INFO  [2016-07-08 11:20:29][ui]: load finished: 1
INFO  [2016-07-08 11:20:29][ui]: account state:PREPARELOGIN
INFO  [2016-07-08 11:20:29][account]: filling login form...
INFO  [2016-07-08 11:20:31][account]: submit login form...
DEBUG [2016-07-08 11:20:44][webview][FUNCTION][FILE:0]: destructure WebView...
INFO  [2016-07-08 11:21:08][sys]: finish configuring logging system.
INFO  [2016-07-08 11:21:08][sys]: application starting...
DEBUG [2016-07-08 11:21:08][webview][FUNCTION][FILE:0]: constructure WebView...
INFO  [2016-07-08 11:21:08][webview]: loading welcome page...
INFO  [2016-07-08 11:21:08][ui]: load finished: 1
INFO  [2016-07-08 11:21:08][ui]: account state:OFFLINE
INFO  [2016-07-08 11:21:11][ui]: clicked login button.
INFO  [2016-07-08 11:21:11][account]: prepare to login...
INFO  [2016-07-08 11:21:12][webview]: loading login page...
INFO  [2016-07-08 11:21:14][ui]: load finished: 1
INFO  [2016-07-08 11:21:14][ui]: account state:PREPARELOGIN
INFO  [2016-07-08 11:21:14][account]: filling login form...
INFO  [2016-07-08 11:21:16][account]: submit login form...
DEBUG [2016-07-08 11:21:23][webview][FUNCTION][FILE:0]: destructure WebView...
INFO  [2016-07-08 11:23:17][sys]: finish configuring logging system.
INFO  [2016-07-08 11:23:17][sys]: application starting...
DEBUG [2016-07-08 11:23:17][webview][FUNCTION][FILE:0]: constructure WebView...
INFO  [2016-07-08 11:23:17][webview]: loading welcome page...
INFO  [2016-07-08 11:23:17][ui]: load finished: 1
INFO  [2016-07-08 11:23:17][ui]: account state:OFFLINE
INFO  [2016-07-08 11:23:22][ui]: clicked login button.
INFO  [2016-07-08 11:23:22][account]: prepare to login...
INFO  [2016-07-08 11:23:23][webview]: loading login page...
INFO  [2016-07-08 11:23:24][ui]: load finished: 1
INFO  [2016-07-08 11:23:24][ui]: account state:PREPARELOGIN
INFO  [2016-07-08 11:23:24][account]: filling login form...
INFO  [2016-07-08 11:23:25][account]: submit login form...
INFO  [2016-07-08 11:23:27][ui]: clicked logout button.
INFO  [2016-07-08 11:23:27][account]: prepare to logout...
INFO  [2016-07-08 11:23:27][ui]: load finished: 0
INFO  [2016-07-08 11:23:27][webview]: loading welcome page...
INFO  [2016-07-08 11:23:27][ui]: load finished: 1
INFO  [2016-07-08 11:23:27][ui]: account state:PREPARELOGOUT
INFO  [2016-07-08 11:23:27][account]: logout...
DEBUG [2016-07-08 11:23:29][webview][FUNCTION][FILE:0]: destructure WebView...
INFO  [2016-07-08 11:29:10][sys]: finish configuring logging system.
INFO  [2016-07-08 11:29:10][sys]: application starting...
DEBUG [2016-07-08 11:29:10][webview][FUNCTION][FILE:0]: constructure WebView...
INFO  [2016-07-08 11:29:10][webview]: loading welcome page...
INFO  [2016-07-08 11:29:10][ui]: load finished: 1
INFO  [2016-07-08 11:29:10][ui]: account state:OFFLINE
INFO  [2016-07-08 11:29:14][ui]: clicked login button.
INFO  [2016-07-08 11:29:14][account]: prepare to login...
INFO  [2016-07-08 11:29:15][webview]: loading login page...
INFO  [2016-07-08 11:29:18][ui]: load finished: 1
INFO  [2016-07-08 11:29:18][ui]: account state:PREPARELOGIN
INFO  [2016-07-08 11:29:18][account]: filling login form...
INFO  [2016-07-08 11:29:19][account]: submit login form...
DEBUG [2016-07-08 11:29:26][webview][FUNCTION][FILE:0]: destructure WebView...
INFO  [2016-07-08 11:32:37][sys]: finish configuring logging system.
INFO  [2016-07-08 11:32:37][sys]: application starting...
DEBUG [2016-07-08 11:32:37][webview][FUNCTION][FILE:0]: constructure WebView...
INFO  [2016-07-08 11:32:37][webview]: loading welcome page...
INFO  [2016-07-08 11:32:38][ui]: load finished: 1
INFO  [2016-07-08 11:32:38][ui]: account state:OFFLINE
INFO  [2016-07-08 11:32:40][ui]: clicked login button.
INFO  [2016-07-08 11:32:40][account]: prepare to login...
INFO  [2016-07-08 11:32:41][webview]: loading login page...
INFO  [2016-07-08 11:32:43][ui]: load finished: 1
INFO  [2016-07-08 11:32:43][ui]: account state:PREPARELOGIN
INFO  [2016-07-08 11:32:43][account]: filling login form...
INFO  [2016-07-08 11:32:45][account]: submit login form...
DEBUG [2016-07-08 11:32:49][webview][FUNCTION][FILE:0]: destructure WebView...
INFO  [2016-07-08 11:34:50][sys]: finish configuring logging system.
INFO  [2016-07-08 11:34:50][sys]: application starting...
DEBUG [2016-07-08 11:34:50][webview][FUNCTION][FILE:0]: constructure WebView...
INFO  [2016-07-08 11:34:50][webview]: loading welcome page...
INFO  [2016-07-08 11:34:50][ui]: load finished: 1
INFO  [2016-07-08 11:34:50][ui]: account state:OFFLINE
INFO  [2016-07-08 11:34:58][ui]: clicked login button.
INFO  [2016-07-08 11:34:58][account]: prepare to login...
INFO  [2016-07-08 11:35:00][webview]: loading login page...
INFO  [2016-07-08 11:35:01][ui]: load finished: 1
INFO  [2016-07-08 11:35:01][ui]: account state:PREPARELOGIN
INFO  [2016-07-08 11:35:01][account]: filling login form...
INFO  [2016-07-08 11:35:02][account]: submit login form...
DEBUG [2016-07-08 11:35:11][webview][FUNCTION][FILE:0]: destructure WebView...
INFO  [2016-07-08 02:29:40][sys]: finish configuring logging system.
INFO  [2016-07-08 02:29:40][sys]: application starting...
DEBUG [2016-07-08 02:29:40][webview][FUNCTION][FILE:0]: constructure WebView...
INFO  [2016-07-08 02:29:40][webview]: loading welcome page...
INFO  [2016-07-08 02:29:40][ui]: load finished: 1
INFO  [2016-07-08 02:29:40][ui]: account state:OFFLINE
INFO  [2016-07-08 02:29:51][ui]: clicked login button.
INFO  [2016-07-08 02:29:51][account]: prepare to login...
INFO  [2016-07-08 02:29:52][webview]: loading login page...
DEBUG [2016-07-08 02:29:57][webview][FUNCTION][FILE:0]: destructure WebView...
INFO  [2016-07-08 02:31:00][sys]: finish configuring logging system.
INFO  [2016-07-08 02:31:00][sys]: application starting...
DEBUG [2016-07-08 02:31:03][webview][FUNCTION][FILE:0]: constructure WebView...
INFO  [2016-07-08 02:31:06][webview]: loading welcome page...
INFO  [2016-07-08 02:31:07][ui]: load finished: 1
INFO  [2016-07-08 02:31:07][ui]: account state:OFFLINE
DEBUG [2016-07-08 02:33:05][webview][FUNCTION][FILE:0]: destructure WebView...
INFO  [2016-07-08 02:42:11][sys]: finish configuring logging system.
INFO  [2016-07-08 02:42:11][sys]: application starting...
DEBUG [2016-07-08 02:42:11][webview][FUNCTION][FILE:0]: constructure WebView...
INFO  [2016-07-08 02:42:11][webview]: loading welcome page...
INFO  [2016-07-08 02:42:12][ui]: load finished: 1
INFO  [2016-07-08 02:42:12][ui]: account state:OFFLINE
INFO  [2016-07-08 02:42:22][ui]: clicked login button.
INFO  [2016-07-08 02:42:22][account]: prepare to login...
INFO  [2016-07-08 02:42:23][webview]: loading login page...
DEBUG [2016-07-08 02:42:36][webview][FUNCTION][FILE:0]: destructure WebView...
INFO  [2016-07-08 02:51:41][sys]: finish configuring logging system.
INFO  [2016-07-08 02:51:41][sys]: application starting...
DEBUG [2016-07-08 02:51:42][webview][FUNCTION][FILE:0]: constructure WebView...
INFO  [2016-07-08 02:51:42][webview]: loading welcome page...
INFO  [2016-07-08 02:51:42][ui]: load finished: 1
INFO  [2016-07-08 02:51:42][ui]: account state:OFFLINE
INFO  [2016-07-08 02:51:50][ui]: clicked login button.
INFO  [2016-07-08 02:51:50][account]: prepare to login...
INFO  [2016-07-08 02:51:51][webview]: loading login page...
DEBUG [2016-07-08 02:52:00][webview][FUNCTION][FILE:0]: destructure WebView...
INFO  [2016-07-15 09:33:55][sys]: finish configuring logging system.
INFO  [2016-07-15 09:33:55][sys]: application starting...
2016-07-15 21:33:56,386 INFO  [browser] loading welcome page...
2016-07-15 21:33:56,497 INFO  [browser] load finished: 1
2016-07-15 21:33:56,497 INFO  [browser] account state:1
2016-07-15 21:33:58,116 INFO  [browser] clicked login button.
INFO  [2016-07-15 09:33:58][account]: prepare to login...
2016-07-15 21:33:59,301 INFO  [browser] loading login page...
2016-07-15 21:34:06,318 INFO  [browser] load finished: 1
2016-07-15 21:34:06,318 INFO  [browser] account state:4
INFO  [2016-07-15 09:34:06][account]: filling login form...
INFO  [2016-07-15 09:34:07][account]: submit login form...
2016-07-15 21:34:07,509 INFO  [browser] load finished: 1
2016-07-15 21:34:07,509 INFO  [browser] account state:2
INFO  [2016-07-15 09:34:07][account]: finished login.
2016-07-15 21:34:08,236 INFO  [browser] load finished: 1
2016-07-15 21:34:08,236 INFO  [browser] account state:0
2016-07-15 21:34:43,455 INFO  [browser] load finished: 1
2016-07-15 21:34:43,455 INFO  [browser] account state:0
INFO  [2016-07-15 10:19:02][sys]: finish configuring logging system.
INFO  [2016-07-15 10:19:02][sys]: application starting...
2016-07-15 22:19:03,126 INFO  [browser] loading welcome page...
2016-07-15 22:19:03,282 INFO  [browser] load finished: 1
2016-07-15 22:19:03,282 INFO  [browser] account state:1
2016-07-15 22:19:06,111 INFO  [browser] clicked login button.
INFO  [2016-07-15 10:19:06][account]: prepare to login...
2016-07-15 22:19:07,185 INFO  [browser] loading login page...
2016-07-15 22:19:16,111 INFO  [browser] clicked add button.
WARN  [2016-07-15 10:19:16][search][FUNCTION][FILE:0]: prepareSearch failed: State is not ONLINE!
2016-07-15 22:19:16,111 WARN  [browser] prepare search failed.
2016-07-15 22:20:05,160 INFO  [browser] load finished: 0
2016-07-15 22:20:21,856 INFO  [browser] load finished: 1
2016-07-15 22:20:21,857 INFO  [browser] account state:4
INFO  [2016-07-15 10:20:21][account]: filling login form...
INFO  [2016-07-15 10:20:23][account]: submit login form...
2016-07-15 22:20:31,488 INFO  [browser] clicked add button.
WARN  [2016-07-15 10:20:31][search][FUNCTION][FILE:0]: prepareSearch failed: State is not ONLINE!
2016-07-15 22:20:31,488 WARN  [browser] prepare search failed.
2016-07-15 22:20:45,294 INFO  [browser] clicked add button.
WARN  [2016-07-15 10:20:45][search][FUNCTION][FILE:0]: prepareSearch failed: State is not ONLINE!
2016-07-15 22:20:45,294 WARN  [browser] prepare search failed.
2016-07-15 22:20:48,223 INFO  [browser] clicked share button.
INFO  [2016-07-15 10:20:48][account]: start timer: start auto sharing.
2016-07-15 22:20:50,127 INFO  [browser] clicked share button.
INFO  [2016-07-15 10:20:50][account]: stop timer: finish auto sharing.
2016-07-15 22:21:21,087 INFO  [browser] clicked add button.
WARN  [2016-07-15 10:21:21][search][FUNCTION][FILE:0]: prepareSearch failed: State is not ONLINE!
2016-07-15 22:21:21,087 WARN  [browser] prepare search failed.
2016-07-15 22:21:50,683 INFO  [browser] load finished: 1
2016-07-15 22:21:50,683 INFO  [browser] account state:2
INFO  [2016-07-15 10:21:50][account]: finished login.
2016-07-15 22:21:59,591 INFO  [browser] clicked add button.
INFO  [2016-07-15 10:21:59][search]: prepare to search...
2016-07-15 22:21:59,599 INFO  [browser] loading search page....
