INFO  [2016-07-19 08:29:03][sys]: finish configuring logging system.
INFO  [2016-07-19 08:29:03][sys]: application starting...
2016-07-19 20:29:04,370 INFO  [browser] loading welcome page...
2016-07-19 20:29:04,523 INFO  [browser] load finished: 1
2016-07-19 20:29:04,523 INFO  [browser] account state:1
2016-07-19 20:29:05,968 INFO  [browser] clicked login button.
INFO  [2016-07-19 08:29:05][account]: prepare to login...
2016-07-19 20:29:05,975 INFO  [browser] loading login page...
2016-07-19 20:29:06,048 INFO  [browser] load finished: 0
2016-07-19 20:29:26,211 INFO  [browser] load finished: 1
2016-07-19 20:29:26,211 INFO  [browser] account state:2
INFO  [2016-07-19 08:29:26][account]: filling login form...
INFO  [2016-07-19 08:29:26][account]: submit login form...
2016-07-19 20:29:29,823 INFO  [browser] clicked logout button.
INFO  [2016-07-19 08:29:29][account]: prepare to logout...
2016-07-19 20:29:29,826 INFO  [browser] loading welcome page...
2016-07-19 20:29:29,836 INFO  [browser] load finished: 1
2016-07-19 20:29:29,836 INFO  [browser] account state:6
INFO  [2016-07-19 08:29:29][account]: logout...
2016-07-19 20:29:30,799 INFO  [browser] clicked login button.
INFO  [2016-07-19 08:29:30][account]: prepare to login...
2016-07-19 20:29:30,803 INFO  [browser] loading login page...
2016-07-19 20:29:31,965 INFO  [browser] load finished: 0
2016-07-19 20:30:30,916 INFO  [browser] clicked add button.
WARN  [2016-07-19 08:30:30][search][FUNCTION][FILE:0]: prepareSearch failed: State is not ONLINE!
2016-07-19 20:30:30,916 WARN  [browser] prepare search failed.
2016-07-19 20:30:32,971 INFO  [browser] clicked share button.
INFO  [2016-07-19 08:30:32][account]: start timer: start auto sharing.
2016-07-19 20:30:35,051 INFO  [browser] clicked share button.
INFO  [2016-07-19 08:30:35][account]: stop timer: finish auto sharing.
2016-07-19 20:30:36,954 INFO  [browser] clicked add button.
WARN  [2016-07-19 08:30:36][search][FUNCTION][FILE:0]: prepareSearch failed: State is not ONLINE!
2016-07-19 20:30:36,954 WARN  [browser] prepare search failed.
2016-07-19 20:30:39,890 INFO  [browser] clicked logout button.
INFO  [2016-07-19 08:30:39][account]: prepare to logout...
2016-07-19 20:30:39,895 INFO  [browser] loading welcome page...
2016-07-19 20:30:39,904 INFO  [browser] load finished: 1
2016-07-19 20:30:39,904 INFO  [browser] account state:6
INFO  [2016-07-19 08:30:39][account]: logout...
2016-07-19 20:30:40,890 INFO  [browser] clicked login button.
INFO  [2016-07-19 08:30:40][account]: prepare to login...
2016-07-19 20:30:40,894 INFO  [browser] loading login page...
2016-07-19 20:30:41,011 INFO  [browser] load finished: 0
INFO  [2016-07-19 08:32:50][sys]: finish configuring logging system.
INFO  [2016-07-19 08:32:50][sys]: application starting...
2016-07-19 20:32:50,618 INFO  [browser] loading welcome page...
2016-07-19 20:32:50,757 INFO  [browser] load finished: 1
2016-07-19 20:32:50,757 INFO  [browser] account state:1
2016-07-19 20:32:54,563 INFO  [browser] clicked login button.
INFO  [2016-07-19 08:32:54][account]: prepare to login...
2016-07-19 20:32:54,571 INFO  [browser] loading login page...
2016-07-19 20:32:54,625 INFO  [browser] load finished: 0
2016-07-19 20:33:02,545 INFO  [browser] clicked logout button.
INFO  [2016-07-19 08:33:02][account]: prepare to logout...
2016-07-19 20:33:02,549 INFO  [browser] loading welcome page...
2016-07-19 20:33:02,558 INFO  [browser] load finished: 1
2016-07-19 20:33:02,559 INFO  [browser] account state:6
INFO  [2016-07-19 08:33:02][account]: logout...
